mode: set
net-zilla/cmd/netzilla/main.go:18.13,21.16 2 0
net-zilla/cmd/netzilla/main.go:21.16,24.3 2 0
net-zilla/cmd/netzilla/main.go:25.2,29.16 3 0
net-zilla/cmd/netzilla/main.go:29.16,31.3 1 0
net-zilla/cmd/netzilla/main.go:31.8,33.3 1 0
net-zilla/cmd/netzilla/main.go:36.2,44.12 6 0
net-zilla/cmd/netzilla/main.go:44.12,48.3 3 0
net-zilla/cmd/netzilla/main.go:51.2,51.26 1 0
net-zilla/cmd/netzilla/main.go:51.26,54.44 3 0
net-zilla/cmd/netzilla/main.go:54.44,57.4 2 0
net-zilla/cmd/netzilla/main.go:58.8,61.36 3 0
net-zilla/cmd/netzilla/main.go:61.36,64.4 2 0
net-zilla/internal/ai/go_agent.go:19.55,23.2 1 1
net-zilla/internal/ai/go_agent.go:26.105,33.22 4 1
net-zilla/internal/ai/go_agent.go:33.22,35.3 1 0
net-zilla/internal/ai/go_agent.go:37.2,41.29 4 1
net-zilla/internal/ai/go_agent.go:41.29,43.3 1 0
net-zilla/internal/ai/go_agent.go:43.8,43.36 1 1
net-zilla/internal/ai/go_agent.go:43.36,45.3 1 0
net-zilla/internal/ai/go_agent.go:45.8,45.36 1 1
net-zilla/internal/ai/go_agent.go:45.36,47.3 1 1
net-zilla/internal/ai/go_agent.go:49.2,62.58 4 1
net-zilla/internal/ai/go_agent.go:62.58,65.3 2 1
net-zilla/internal/ai/go_agent.go:67.2,67.20 1 1
net-zilla/internal/ai/go_agent.go:85.78,89.19 4 1
net-zilla/internal/ai/go_agent.go:89.19,91.3 1 1
net-zilla/internal/ai/go_agent.go:93.2,104.38 5 1
net-zilla/internal/ai/go_agent.go:104.38,105.37 1 1
net-zilla/internal/ai/go_agent.go:105.37,107.9 2 0
net-zilla/internal/ai/go_agent.go:111.2,115.40 4 1
net-zilla/internal/ai/go_agent.go:115.40,116.37 1 1
net-zilla/internal/ai/go_agent.go:116.37,118.4 1 0
net-zilla/internal/ai/go_agent.go:121.2,121.18 1 1
net-zilla/internal/ai/go_agent.go:121.18,123.3 1 1
net-zilla/internal/ai/go_agent.go:125.2,125.24 1 1
net-zilla/internal/ai/go_agent.go:125.24,126.55 1 0
net-zilla/internal/ai/go_agent.go:126.55,128.4 1 0
net-zilla/internal/ai/go_agent.go:128.9,128.61 1 0
net-zilla/internal/ai/go_agent.go:128.61,130.4 1 0
net-zilla/internal/ai/go_agent.go:130.9,132.4 1 0
net-zilla/internal/ai/go_agent.go:133.8,135.3 1 1
net-zilla/internal/ai/go_agent.go:137.2,137.22 1 1
net-zilla/internal/ai/go_agent.go:137.22,139.3 1 0
net-zilla/internal/ai/go_agent.go:141.2,141.26 1 1
net-zilla/internal/ai/go_agent.go:141.26,143.3 1 0
net-zilla/internal/ai/go_agent.go:145.2,146.31 2 1
net-zilla/internal/ai/go_agent.go:146.31,147.36 1 1
net-zilla/internal/ai/go_agent.go:147.36,149.9 2 0
net-zilla/internal/ai/go_agent.go:153.2,153.10 1 1
net-zilla/internal/ai/go_agent.go:156.53,157.14 1 1
net-zilla/internal/ai/go_agent.go:157.14,159.3 1 0
net-zilla/internal/ai/go_agent.go:160.2,162.31 3 1
net-zilla/internal/ai/go_agent.go:162.31,163.62 1 1
net-zilla/internal/ai/go_agent.go:163.62,165.4 1 0
net-zilla/internal/ai/go_agent.go:167.2,167.12 1 1
net-zilla/internal/ai/go_agent.go:170.54,172.22 2 1
net-zilla/internal/ai/go_agent.go:172.22,174.3 1 1
net-zilla/internal/ai/go_agent.go:175.2,177.31 3 1
net-zilla/internal/ai/go_agent.go:177.31,180.3 2 1
net-zilla/internal/ai/go_agent.go:181.2,181.16 1 1
net-zilla/internal/ai/go_agent.go:184.68,186.13 2 1
net-zilla/internal/ai/go_agent.go:186.13,188.3 1 0
net-zilla/internal/ai/go_agent.go:189.2,189.19 1 1
net-zilla/internal/ai/go_agent.go:189.19,191.3 1 0
net-zilla/internal/ai/go_agent.go:192.2,192.21 1 1
net-zilla/internal/ai/go_agent.go:192.21,194.3 1 0
net-zilla/internal/ai/go_agent.go:195.2,195.26 1 1
net-zilla/internal/ai/go_agent.go:195.26,197.3 1 0
net-zilla/internal/ai/go_agent.go:198.2,198.17 1 1
net-zilla/internal/ai/go_agent.go:198.17,200.3 1 0
net-zilla/internal/ai/go_agent.go:201.2,201.15 1 1
net-zilla/internal/ai/go_agent.go:201.15,203.3 1 0
net-zilla/internal/ai/go_agent.go:204.2,204.18 1 1
net-zilla/internal/ai/go_agent.go:204.18,206.3 1 1
net-zilla/internal/ai/go_agent.go:207.2,207.26 1 1
net-zilla/internal/ai/go_agent.go:207.26,209.3 1 1
net-zilla/internal/ai/go_agent.go:211.2,211.15 1 1
net-zilla/internal/ai/go_agent.go:211.15,213.3 1 0
net-zilla/internal/ai/go_agent.go:214.2,214.14 1 1
net-zilla/internal/ai/go_agent.go:217.93,219.13 2 1
net-zilla/internal/ai/go_agent.go:219.13,221.3 1 0
net-zilla/internal/ai/go_agent.go:222.2,222.19 1 1
net-zilla/internal/ai/go_agent.go:222.19,224.3 1 0
net-zilla/internal/ai/go_agent.go:225.2,225.21 1 1
net-zilla/internal/ai/go_agent.go:225.21,227.3 1 0
net-zilla/internal/ai/go_agent.go:228.2,228.49 1 1
net-zilla/internal/ai/go_agent.go:228.49,230.3 1 0
net-zilla/internal/ai/go_agent.go:231.2,231.17 1 1
net-zilla/internal/ai/go_agent.go:231.17,233.3 1 0
net-zilla/internal/ai/go_agent.go:234.2,234.15 1 1
net-zilla/internal/ai/go_agent.go:234.15,236.3 1 0
net-zilla/internal/ai/go_agent.go:237.2,237.18 1 1
net-zilla/internal/ai/go_agent.go:237.18,239.3 1 1
net-zilla/internal/ai/go_agent.go:240.2,240.16 1 1
net-zilla/internal/ai/go_agent.go:243.101,245.13 2 1
net-zilla/internal/ai/go_agent.go:245.13,247.3 1 1
net-zilla/internal/ai/go_agent.go:248.2,248.17 1 1
net-zilla/internal/ai/go_agent.go:248.17,250.3 1 0
net-zilla/internal/ai/go_agent.go:251.2,252.13 2 1
net-zilla/internal/ai/go_agent.go:255.87,262.28 6 1
net-zilla/internal/ai/go_agent.go:262.28,263.33 1 1
net-zilla/internal/ai/go_agent.go:263.33,267.9 4 1
net-zilla/internal/ai/go_agent.go:271.2,272.26 2 1
net-zilla/internal/ai/go_agent.go:272.26,273.33 1 1
net-zilla/internal/ai/go_agent.go:273.33,277.9 4 0
net-zilla/internal/ai/go_agent.go:281.2,282.12 2 1
net-zilla/internal/ai/go_agent.go:282.12,283.23 1 1
net-zilla/internal/ai/go_agent.go:283.23,285.4 1 0
net-zilla/internal/ai/go_agent.go:285.9,287.4 1 1
net-zilla/internal/ai/go_agent.go:290.2,297.8 1 1
net-zilla/internal/ai/ml_bridge.go:46.126,47.16 1 1
net-zilla/internal/ai/ml_bridge.go:47.16,49.3 1 0
net-zilla/internal/ai/ml_bridge.go:52.2,67.19 4 1
net-zilla/internal/ai/ml_bridge.go:71.132,77.27 4 1
net-zilla/internal/ai/ml_bridge.go:77.27,79.3 1 0
net-zilla/internal/ai/ml_bridge.go:80.2,80.30 1 1
net-zilla/internal/ai/ml_bridge.go:80.30,82.3 1 0
net-zilla/internal/ai/ml_bridge.go:84.2,87.24 2 1
net-zilla/internal/ai/ml_bridge.go:87.24,90.3 2 0
net-zilla/internal/ai/ml_bridge.go:93.2,94.16 2 1
net-zilla/internal/ai/ml_bridge.go:94.16,97.3 2 0
net-zilla/internal/ai/ml_bridge.go:100.2,101.27 2 1
net-zilla/internal/ai/ml_bridge.go:101.27,104.17 3 1
net-zilla/internal/ai/ml_bridge.go:104.17,109.4 3 0
net-zilla/internal/ai/ml_bridge.go:113.2,117.17 3 1
net-zilla/internal/ai/ml_bridge.go:117.17,118.64 1 0
net-zilla/internal/ai/ml_bridge.go:118.64,120.4 1 0
net-zilla/internal/ai/ml_bridge.go:124.2,130.25 4 1
net-zilla/internal/ai/ml_bridge.go:134.137,137.15 2 1
net-zilla/internal/ai/ml_bridge.go:137.15,139.3 1 0
net-zilla/internal/ai/ml_bridge.go:142.2,143.27 2 1
net-zilla/internal/ai/ml_bridge.go:143.27,146.17 3 1
net-zilla/internal/ai/ml_bridge.go:146.17,148.4 1 0
net-zilla/internal/ai/ml_bridge.go:149.8,151.3 1 0
net-zilla/internal/ai/ml_bridge.go:154.2,155.23 2 1
net-zilla/internal/ai/ml_bridge.go:155.23,161.17 3 1
net-zilla/internal/ai/ml_bridge.go:161.17,163.4 1 1
net-zilla/internal/ai/ml_bridge.go:167.2,179.20 2 1
net-zilla/internal/ai/ml_bridge.go:183.102,189.17 3 1
net-zilla/internal/ai/ml_bridge.go:189.17,190.40 1 0
net-zilla/internal/ai/ml_bridge.go:190.40,193.4 2 0
net-zilla/internal/ai/ml_bridge.go:197.2,234.8 6 1
net-zilla/internal/ai/ml_bridge.go:238.108,239.19 1 0
net-zilla/internal/ai/ml_bridge.go:239.19,241.3 1 0
net-zilla/internal/ai/ml_bridge.go:243.2,243.24 1 0
net-zilla/internal/ai/ml_bridge.go:243.24,251.3 1 0
net-zilla/internal/ai/ml_bridge.go:254.2,254.38 1 0
net-zilla/internal/ai/ml_bridge.go:258.38,260.2 1 0
net-zilla/internal/ai/ml_bridge.go:267.35,282.23 2 1
net-zilla/internal/ai/ml_bridge.go:282.23,284.51 1 1
net-zilla/internal/ai/ml_bridge.go:284.51,286.31 2 0
net-zilla/internal/ai/ml_bridge.go:286.31,288.5 1 0
net-zilla/internal/ai/ml_bridge.go:289.4,289.86 1 0
net-zilla/internal/ai/ml_bridge.go:293.3,298.4 1 1
net-zilla/internal/ai/ml_bridge.go:301.2,301.15 1 1
net-zilla/internal/ai/ml_bridge.go:308.35,310.23 1 0
net-zilla/internal/ai/ml_bridge.go:310.23,316.3 2 0
net-zilla/internal/ai/ml_bridge.go:318.2,324.17 2 0
net-zilla/internal/ai/ml_bridge.go:327.133,330.16 2 0
net-zilla/internal/ai/ml_bridge.go:330.16,332.3 1 0
net-zilla/internal/ai/ml_bridge.go:334.2,346.3 1 0
net-zilla/internal/ai/ml_bridge.go:349.99,360.2 1 0
net-zilla/internal/ai/ml_bridge.go:362.75,373.2 1 0
net-zilla/internal/ai/ml_bridge.go:375.100,387.2 1 0
net-zilla/internal/ai/ml_bridge.go:389.50,390.9 1 0
net-zilla/internal/ai/ml_bridge.go:391.19,392.16 1 0
net-zilla/internal/ai/ml_bridge.go:393.19,394.18 1 0
net-zilla/internal/ai/ml_bridge.go:395.19,396.15 1 0
net-zilla/internal/ai/ml_bridge.go:397.10,398.20 1 0
net-zilla/internal/ai/ml_bridge.go:402.93,404.12 2 1
net-zilla/internal/ai/ml_bridge.go:404.12,406.3 1 1
net-zilla/internal/ai/ml_bridge.go:407.2,407.28 1 1
net-zilla/internal/ai/ml_bridge.go:407.28,409.3 1 0
net-zilla/internal/ai/ml_bridge.go:410.2,410.14 1 1
net-zilla/internal/ai/ml_bridge.go:413.77,422.2 3 1
net-zilla/internal/ai/ml_bridge.go:424.136,427.23 2 1
net-zilla/internal/ai/ml_bridge.go:427.23,428.32 1 1
net-zilla/internal/ai/ml_bridge.go:428.32,430.4 1 0
net-zilla/internal/ai/ml_bridge.go:430.9,430.39 1 1
net-zilla/internal/ai/ml_bridge.go:430.39,432.4 1 0
net-zilla/internal/ai/ml_bridge.go:435.2,435.29 1 1
net-zilla/internal/ai/ml_bridge.go:435.29,437.33 2 1
net-zilla/internal/ai/ml_bridge.go:437.33,439.4 1 0
net-zilla/internal/ai/ml_bridge.go:442.2,442.20 1 1
net-zilla/internal/ai/ml_bridge.go:442.20,444.3 1 1
net-zilla/internal/ai/ml_bridge.go:446.2,446.13 1 1
net-zilla/internal/ai/ml_bridge.go:449.84,450.23 1 1
net-zilla/internal/ai/ml_bridge.go:450.23,452.3 1 0
net-zilla/internal/ai/ml_bridge.go:454.2,454.31 1 1
net-zilla/internal/ai/ml_bridge.go:454.31,459.3 1 0
net-zilla/internal/ai/ml_bridge.go:461.2,461.40 1 1
net-zilla/internal/ai/ml_bridge.go:464.111,467.20 2 1
net-zilla/internal/ai/ml_bridge.go:467.20,469.3 1 0
net-zilla/internal/ai/ml_bridge.go:470.2,470.27 1 1
net-zilla/internal/ai/ml_bridge.go:470.27,472.3 1 0
net-zilla/internal/ai/ml_bridge.go:473.2,473.24 1 1
net-zilla/internal/ai/ml_bridge.go:473.24,475.3 1 0
net-zilla/internal/ai/ml_bridge.go:477.2,477.20 1 1
net-zilla/internal/ai/ml_bridge.go:477.20,479.3 1 1
net-zilla/internal/ai/ml_bridge.go:481.2,481.13 1 1
net-zilla/internal/ai/ml_bridge.go:485.70,490.13 4 1
net-zilla/internal/ai/ml_bridge.go:490.13,492.3 1 1
net-zilla/internal/ai/ml_bridge.go:492.8,494.3 1 0
net-zilla/internal/ai/ml_bridge.go:497.2,497.34 1 1
net-zilla/internal/ai/ml_bridge.go:497.34,499.3 1 1
net-zilla/internal/ai/ml_bridge.go:499.8,505.3 2 0
net-zilla/internal/ai/ml_bridge.go:508.41,512.2 3 1
net-zilla/internal/ai/ml_bridge.go:514.41,518.2 3 1
net-zilla/internal/ai/ml_bridge.go:520.58,526.2 5 0
net-zilla/internal/ai/ml_bridge.go:528.54,532.2 3 1
net-zilla/internal/ai/ml_bridge.go:534.51,539.16 4 1
net-zilla/internal/ai/ml_bridge.go:539.16,541.3 1 1
net-zilla/internal/ai/ml_bridge.go:542.2,542.54 1 0
net-zilla/internal/ai/ml_bridge.go:545.50,549.34 3 1
net-zilla/internal/ai/ml_bridge.go:549.34,551.3 1 0
net-zilla/internal/ai/ml_bridge.go:552.2,552.81 1 1
net-zilla/internal/config/viper_config.go:83.30,98.45 12 1
net-zilla/internal/config/viper_config.go:98.45,100.3 1 0
net-zilla/internal/config/viper_config.go:102.2,103.46 2 1
net-zilla/internal/config/viper_config.go:103.46,105.3 1 0
net-zilla/internal/config/viper_config.go:107.2,107.18 1 1
net-zilla/internal/correlation/anomaly_detector.go:12.44,14.2 1 1
net-zilla/internal/correlation/anomaly_detector.go:17.65,22.38 3 1
net-zilla/internal/correlation/anomaly_detector.go:22.38,24.3 1 1
net-zilla/internal/correlation/anomaly_detector.go:26.2,26.18 1 1
net-zilla/internal/correlation/anomaly_detector.go:31.63,33.22 2 1
net-zilla/internal/correlation/anomaly_detector.go:33.22,35.3 1 1
net-zilla/internal/correlation/anomaly_detector.go:36.2,38.26 3 1
net-zilla/internal/correlation/anomaly_detector.go:38.26,41.3 2 1
net-zilla/internal/correlation/anomaly_detector.go:42.2,42.16 1 1
net-zilla/internal/correlation/anomaly_detector.go:46.78,49.39 2 1
net-zilla/internal/correlation/anomaly_detector.go:49.39,51.3 1 1
net-zilla/internal/correlation/anomaly_detector.go:53.2,53.26 1 1
net-zilla/internal/correlation/anomaly_detector.go:53.26,55.3 1 1
net-zilla/internal/correlation/anomaly_detector.go:57.2,57.14 1 1
net-zilla/internal/correlation/event_correlator.go:11.44,13.2 1 1
net-zilla/internal/correlation/event_correlator.go:17.69,18.33 1 1
net-zilla/internal/correlation/event_correlator.go:18.33,20.3 1 1
net-zilla/internal/correlation/event_correlator.go:22.2,25.46 2 1
net-zilla/internal/correlation/event_correlator.go:25.46,26.70 1 1
net-zilla/internal/correlation/event_correlator.go:26.70,28.4 1 1
net-zilla/internal/correlation/event_correlator.go:32.2,32.56 1 1
net-zilla/internal/correlation/event_correlator.go:32.56,33.53 1 1
net-zilla/internal/correlation/event_correlator.go:33.53,35.4 1 1
net-zilla/internal/correlation/event_correlator.go:39.2,39.48 1 1
net-zilla/internal/correlation/event_correlator.go:39.48,41.74 1 1
net-zilla/internal/correlation/event_correlator.go:41.74,43.4 1 1
net-zilla/internal/correlation/event_correlator.go:47.86,48.28 1 1
net-zilla/internal/correlation/event_correlator.go:48.28,50.3 1 1
net-zilla/internal/correlation/event_correlator.go:51.2,52.32 2 1
net-zilla/internal/correlation/graph_builder.go:24.38,26.2 1 0
net-zilla/internal/correlation/graph_builder.go:29.105,40.15 2 0
net-zilla/internal/correlation/graph_builder.go:40.15,43.3 2 0
net-zilla/internal/correlation/graph_builder.go:45.2,45.14 1 0
net-zilla/internal/correlation/timeline_analyzer.go:11.46,13.2 1 0
net-zilla/internal/correlation/timeline_analyzer.go:16.104,19.37 2 0
net-zilla/internal/correlation/timeline_analyzer.go:19.37,23.40 2 0
net-zilla/internal/correlation/timeline_analyzer.go:23.40,25.4 1 0
net-zilla/internal/correlation/timeline_analyzer.go:25.9,27.4 1 0
net-zilla/internal/correlation/timeline_analyzer.go:30.2,30.17 1 0
net-zilla/internal/correlation/timeline_analyzer.go:33.94,35.28 2 0
net-zilla/internal/correlation/timeline_analyzer.go:35.28,37.3 1 0
net-zilla/internal/correlation/timeline_analyzer.go:38.2,38.42 1 0
net-zilla/internal/api/server.go:24.113,44.2 6 1
net-zilla/internal/api/server.go:46.53,49.2 2 1
net-zilla/internal/api/server.go:51.75,64.2 3 1
net-zilla/internal/api/server.go:66.76,69.33 2 1
net-zilla/internal/api/server.go:69.33,73.3 3 1
net-zilla/internal/api/server.go:75.2,78.61 2 1
net-zilla/internal/api/server.go:78.61,82.3 3 1
net-zilla/internal/api/server.go:84.2,84.22 1 1
net-zilla/internal/api/server.go:84.22,88.3 3 0
net-zilla/internal/api/server.go:90.2,91.16 2 1
net-zilla/internal/api/server.go:91.16,96.3 4 0
net-zilla/internal/api/server.go:98.2,98.35 1 1
net-zilla/internal/api/server.go:102.52,107.2 4 0
net-zilla/internal/processor/pattern_engine.go:23.40,54.2 1 0
net-zilla/internal/processor/pattern_engine.go:56.65,66.2 6 0
net-zilla/internal/processor/pattern_engine.go:68.104,71.35 2 0
net-zilla/internal/processor/pattern_engine.go:71.35,72.63 1 0
net-zilla/internal/processor/pattern_engine.go:72.63,80.4 2 0
net-zilla/internal/processor/pattern_engine.go:83.2,83.16 1 0
net-zilla/internal/processor/pattern_engine.go:86.88,97.22 3 0
net-zilla/internal/processor/pattern_engine.go:97.22,99.3 1 0
net-zilla/internal/processor/pattern_engine.go:102.2,102.32 1 0
net-zilla/internal/processor/pattern_engine.go:102.32,103.73 1 0
net-zilla/internal/processor/pattern_engine.go:103.73,105.4 1 0
net-zilla/internal/processor/pattern_engine.go:108.2,108.29 1 0
net-zilla/internal/processor/pattern_engine.go:111.63,116.37 2 0
net-zilla/internal/processor/pattern_engine.go:116.37,123.3 1 0
net-zilla/internal/processor/pattern_engine.go:126.2,126.43 1 0
net-zilla/internal/processor/pattern_engine.go:126.43,133.3 1 0
net-zilla/internal/processor/pattern_engine.go:136.2,136.41 1 0
net-zilla/internal/processor/pattern_engine.go:136.41,143.3 1 0
net-zilla/internal/processor/pattern_engine.go:146.2,146.33 1 0
net-zilla/internal/processor/pattern_engine.go:146.33,153.3 1 0
net-zilla/internal/processor/pattern_engine.go:155.2,155.16 1 0
net-zilla/internal/processor/url_parser.go:30.32,46.2 1 1
net-zilla/internal/processor/url_parser.go:48.72,56.16 3 1
net-zilla/internal/processor/url_parser.go:56.16,58.3 1 0
net-zilla/internal/processor/url_parser.go:59.2,63.16 3 1
net-zilla/internal/processor/url_parser.go:63.16,65.3 1 0
net-zilla/internal/processor/url_parser.go:67.2,82.20 9 1
net-zilla/internal/processor/url_parser.go:85.65,87.38 1 1
net-zilla/internal/processor/url_parser.go:87.38,89.3 1 0
net-zilla/internal/processor/url_parser.go:92.2,93.16 2 1
net-zilla/internal/processor/url_parser.go:93.16,95.3 1 0
net-zilla/internal/processor/url_parser.go:98.2,104.24 4 1
net-zilla/internal/processor/url_parser.go:107.70,109.20 2 1
net-zilla/internal/processor/url_parser.go:109.20,111.3 1 0
net-zilla/internal/processor/url_parser.go:113.2,116.20 3 1
net-zilla/internal/processor/url_parser.go:116.20,118.3 1 1
net-zilla/internal/processor/url_parser.go:120.2,120.23 1 1
net-zilla/internal/processor/url_parser.go:123.69,125.33 2 1
net-zilla/internal/processor/url_parser.go:125.33,126.22 1 1
net-zilla/internal/processor/url_parser.go:126.22,128.4 1 1
net-zilla/internal/processor/url_parser.go:132.53,134.46 2 1
net-zilla/internal/processor/url_parser.go:134.46,135.32 1 1
net-zilla/internal/processor/url_parser.go:135.32,137.4 1 1
net-zilla/internal/processor/url_parser.go:139.2,139.14 1 1
net-zilla/internal/processor/url_parser.go:142.54,144.48 2 1
net-zilla/internal/processor/url_parser.go:144.48,145.35 1 1
net-zilla/internal/processor/url_parser.go:145.35,147.4 1 1
net-zilla/internal/processor/url_parser.go:149.2,149.14 1 1
net-zilla/internal/processor/url_parser.go:152.57,155.2 2 1
net-zilla/internal/processor/url_parser.go:157.56,159.22 2 0
net-zilla/internal/processor/url_parser.go:159.22,161.3 1 0
net-zilla/internal/processor/url_parser.go:163.2,165.29 3 0
net-zilla/internal/processor/url_parser.go:165.29,168.3 2 0
net-zilla/internal/processor/url_parser.go:170.2,170.16 1 0
net-zilla/internal/processor/url_parser.go:173.63,177.27 2 1
net-zilla/internal/processor/url_parser.go:177.27,178.10 1 1
net-zilla/internal/processor/url_parser.go:179.37,180.19 1 1
net-zilla/internal/processor/url_parser.go:181.40,182.22 1 1
net-zilla/internal/processor/url_parser.go:183.37,184.19 1 0
net-zilla/internal/processor/url_parser.go:189.2,190.14 2 1
net-zilla/internal/processor/url_parser.go:190.14,192.3 1 1
net-zilla/internal/processor/url_parser.go:193.2,193.17 1 1
net-zilla/internal/processor/url_parser.go:193.17,195.3 1 1
net-zilla/internal/processor/url_parser.go:196.2,196.14 1 1
net-zilla/internal/processor/url_parser.go:196.14,198.3 1 0
net-zilla/internal/processor/url_parser.go:200.2,200.24 1 1
net-zilla/internal/patterns/pattern_matcher.go:12.42,17.2 1 1
net-zilla/internal/patterns/pattern_matcher.go:19.83,25.32 3 1
net-zilla/internal/patterns/pattern_matcher.go:25.32,27.3 1 1
net-zilla/internal/patterns/pattern_matcher.go:29.2,29.17 1 1
net-zilla/internal/patterns/regex_patterns.go:12.41,39.2 1 1
net-zilla/internal/patterns/signature_engine.go:11.44,15.2 1 1
net-zilla/internal/patterns/signature_engine.go:17.76,20.32 2 1
net-zilla/internal/patterns/signature_engine.go:20.32,21.35 1 1
net-zilla/internal/patterns/signature_engine.go:21.35,29.4 1 1
net-zilla/internal/patterns/signature_engine.go:32.2,32.17 1 1
net-zilla/internal/patterns/signature_engine.go:35.59,36.18 1 1
net-zilla/internal/patterns/signature_engine.go:37.14,38.12 1 1
net-zilla/internal/patterns/signature_engine.go:39.16,40.12 1 0
net-zilla/internal/patterns/signature_engine.go:41.13,42.12 1 1
net-zilla/internal/patterns/signature_engine.go:43.10,44.11 1 0
net-zilla/internal/patterns/yara_rules.go:15.36,17.2 1 1
net-zilla/internal/patterns/yara_rules.go:20.53,25.2 2 0
net-zilla/internal/middleware/middleware.go:26.60,30.2 1 1
net-zilla/internal/middleware/middleware.go:33.89,34.44 1 1
net-zilla/internal/middleware/middleware.go:34.44,36.3 1 1
net-zilla/internal/middleware/middleware.go:37.2,37.10 1 1
net-zilla/internal/middleware/middleware.go:41.57,42.46 1 1
net-zilla/internal/middleware/middleware.go:42.46,43.72 1 1
net-zilla/internal/middleware/middleware.go:43.72,60.28 7 1
net-zilla/internal/middleware/middleware.go:60.28,62.5 1 0
net-zilla/internal/middleware/middleware.go:65.4,79.28 2 1
net-zilla/internal/middleware/middleware.go:79.28,82.5 1 0
net-zilla/internal/middleware/middleware.go:82.10,82.35 1 1
net-zilla/internal/middleware/middleware.go:82.35,85.5 1 0
net-zilla/internal/middleware/middleware.go:85.10,88.5 1 1
net-zilla/internal/middleware/middleware.go:91.4,91.24 1 1
net-zilla/internal/middleware/middleware.go:91.24,93.5 1 0
net-zilla/internal/middleware/middleware.go:104.49,107.2 2 1
net-zilla/internal/middleware/middleware.go:110.58,117.25 2 1
net-zilla/internal/middleware/middleware.go:117.25,119.3 1 0
net-zilla/internal/middleware/middleware.go:121.2,121.46 1 1
net-zilla/internal/middleware/middleware.go:121.46,122.72 1 1
net-zilla/internal/middleware/middleware.go:122.72,127.45 2 1
net-zilla/internal/middleware/middleware.go:127.45,129.5 1 0
net-zilla/internal/middleware/middleware.go:131.4,131.19 1 1
net-zilla/internal/middleware/middleware.go:131.19,134.5 2 1
net-zilla/internal/middleware/middleware.go:137.4,137.78 1 1
net-zilla/internal/middleware/middleware.go:137.78,139.5 1 1
net-zilla/internal/middleware/middleware.go:142.4,145.31 3 1
net-zilla/internal/middleware/middleware.go:145.31,148.14 2 0
net-zilla/internal/middleware/middleware.go:148.14,150.6 1 0
net-zilla/internal/middleware/middleware.go:151.10,154.14 2 1
net-zilla/internal/middleware/middleware.go:154.14,156.6 1 1
net-zilla/internal/middleware/middleware.go:159.4,159.14 1 1
net-zilla/internal/middleware/middleware.go:159.14,162.5 2 0
net-zilla/internal/middleware/middleware.go:165.4,167.41 3 1
net-zilla/internal/middleware/middleware.go:210.58,211.22 1 1
net-zilla/internal/middleware/middleware.go:211.22,213.3 1 0
net-zilla/internal/middleware/middleware.go:214.2,214.26 1 1
net-zilla/internal/middleware/middleware.go:214.26,216.3 1 0
net-zilla/internal/middleware/middleware.go:217.2,217.26 1 1
net-zilla/internal/middleware/middleware.go:217.26,219.3 1 1
net-zilla/internal/middleware/middleware.go:220.2,220.31 1 1
net-zilla/internal/middleware/middleware.go:220.31,222.3 1 1
net-zilla/internal/middleware/middleware.go:223.2,223.31 1 1
net-zilla/internal/middleware/middleware.go:223.31,225.3 1 1
net-zilla/internal/middleware/middleware.go:227.2,240.11 4 1
net-zilla/internal/middleware/middleware.go:243.46,250.12 5 1
net-zilla/internal/middleware/middleware.go:250.12,257.3 2 1
net-zilla/internal/middleware/middleware.go:260.2,260.22 1 1
net-zilla/internal/middleware/middleware.go:260.22,261.37 1 1
net-zilla/internal/middleware/middleware.go:261.37,268.4 5 1
net-zilla/internal/middleware/middleware.go:269.3,269.15 1 0
net-zilla/internal/middleware/middleware.go:273.2,273.48 1 1
net-zilla/internal/middleware/middleware.go:273.48,279.3 4 0
net-zilla/internal/middleware/middleware.go:282.2,282.31 1 1
net-zilla/internal/middleware/middleware.go:282.31,286.3 3 1
net-zilla/internal/middleware/middleware.go:289.2,289.35 1 1
net-zilla/internal/middleware/middleware.go:289.35,293.3 3 0
net-zilla/internal/middleware/middleware.go:296.2,300.14 4 1
net-zilla/internal/middleware/middleware.go:303.44,304.6 1 1
net-zilla/internal/middleware/middleware.go:304.6,305.10 1 1
net-zilla/internal/middleware/middleware.go:306.29,309.39 3 0
net-zilla/internal/middleware/middleware.go:309.39,311.51 1 0
net-zilla/internal/middleware/middleware.go:311.51,313.6 1 0
net-zilla/internal/middleware/middleware.go:315.4,315.18 1 0
net-zilla/internal/middleware/middleware.go:316.25,318.10 2 0
net-zilla/internal/middleware/middleware.go:323.31,325.2 1 0
net-zilla/internal/middleware/middleware.go:327.79,330.21 2 1
net-zilla/internal/middleware/middleware.go:330.21,332.3 1 0
net-zilla/internal/middleware/middleware.go:332.8,337.3 1 1
net-zilla/internal/middleware/middleware.go:339.2,339.46 1 1
net-zilla/internal/middleware/middleware.go:339.46,340.72 1 1
net-zilla/internal/middleware/middleware.go:340.72,344.32 2 1
net-zilla/internal/middleware/middleware.go:344.32,352.5 5 1
net-zilla/internal/middleware/middleware.go:355.4,357.24 2 1
net-zilla/internal/middleware/middleware.go:363.60,373.21 2 1
net-zilla/internal/middleware/middleware.go:373.21,375.3 1 0
net-zilla/internal/middleware/middleware.go:377.2,377.46 1 1
net-zilla/internal/middleware/middleware.go:377.46,378.72 1 1
net-zilla/internal/middleware/middleware.go:378.72,380.40 1 1
net-zilla/internal/middleware/middleware.go:380.40,381.42 1 1
net-zilla/internal/middleware/middleware.go:381.42,383.6 1 1
net-zilla/internal/middleware/middleware.go:383.11,386.54 2 0
net-zilla/internal/middleware/middleware.go:386.54,387.28 1 0
net-zilla/internal/middleware/middleware.go:387.28,389.13 2 0
net-zilla/internal/middleware/middleware.go:395.4,398.41 3 1
net-zilla/internal/middleware/middleware.go:398.41,400.5 1 1
net-zilla/internal/middleware/middleware.go:402.4,402.35 1 1
net-zilla/internal/middleware/middleware.go:402.35,404.5 1 0
net-zilla/internal/middleware/middleware.go:406.4,406.29 1 1
net-zilla/internal/middleware/middleware.go:406.29,408.5 1 1
net-zilla/internal/middleware/middleware.go:411.4,411.29 1 1
net-zilla/internal/middleware/middleware.go:411.29,414.5 2 1
net-zilla/internal/middleware/middleware.go:416.4,416.24 1 1
net-zilla/internal/middleware/middleware.go:432.45,433.46 1 0
net-zilla/internal/middleware/middleware.go:433.46,434.72 1 0
net-zilla/internal/middleware/middleware.go:434.72,447.4 8 0
net-zilla/internal/middleware/middleware.go:452.39,453.46 1 0
net-zilla/internal/middleware/middleware.go:453.46,454.72 1 0
net-zilla/internal/middleware/middleware.go:454.72,460.4 4 0
net-zilla/internal/middleware/middleware.go:465.58,466.46 1 0
net-zilla/internal/middleware/middleware.go:466.46,467.72 1 0
net-zilla/internal/middleware/middleware.go:467.72,474.14 4 0
net-zilla/internal/middleware/middleware.go:474.14,477.5 2 0
net-zilla/internal/middleware/middleware.go:479.4,479.11 1 0
net-zilla/internal/middleware/middleware.go:480.16,482.11 1 0
net-zilla/internal/middleware/middleware.go:483.22,485.46 1 0
net-zilla/internal/middleware/middleware.go:485.46,487.6 1 0
net-zilla/internal/middleware/middleware.go:494.59,495.46 1 0
net-zilla/internal/middleware/middleware.go:495.46,496.72 1 0
net-zilla/internal/middleware/middleware.go:496.72,497.17 1 0
net-zilla/internal/middleware/middleware.go:497.17,498.37 1 0
net-zilla/internal/middleware/middleware.go:498.37,505.6 2 0
net-zilla/internal/middleware/middleware.go:508.4,508.24 1 0
net-zilla/internal/middleware/middleware.go:514.42,516.54 1 1
net-zilla/internal/middleware/middleware.go:516.54,518.3 1 0
net-zilla/internal/middleware/middleware.go:521.2,521.55 1 1
net-zilla/internal/middleware/middleware.go:521.55,524.19 2 0
net-zilla/internal/middleware/middleware.go:524.19,526.4 1 0
net-zilla/internal/middleware/middleware.go:530.2,530.47 1 1
net-zilla/internal/middleware/middleware.go:530.47,532.3 1 0
net-zilla/internal/middleware/middleware.go:535.2,535.61 1 1
net-zilla/internal/middleware/middleware.go:535.61,538.30 2 0
net-zilla/internal/middleware/middleware.go:538.30,539.58 1 0
net-zilla/internal/middleware/middleware.go:539.58,544.5 3 0
net-zilla/internal/middleware/middleware.go:549.2,550.16 2 1
net-zilla/internal/middleware/middleware.go:550.16,552.3 1 0
net-zilla/internal/middleware/middleware.go:553.2,553.13 1 1
net-zilla/internal/middleware/middleware.go:557.38,561.2 2 1
net-zilla/internal/middleware/middleware.go:564.33,567.2 1 0
net-zilla/internal/middleware/middleware.go:570.38,573.19 3 0
net-zilla/internal/middleware/middleware.go:573.19,576.3 1 0
net-zilla/internal/middleware/middleware.go:577.2,577.18 1 0
net-zilla/internal/middleware/middleware.go:581.72,588.2 1 1
net-zilla/internal/middleware/middleware.go:591.76,593.16 2 1
net-zilla/internal/middleware/middleware.go:593.16,598.3 4 0
net-zilla/internal/middleware/middleware.go:600.2,602.19 3 1
net-zilla/internal/shared_models/ai_results.go:44.56,45.17 1 1
net-zilla/internal/shared_models/ai_results.go:45.17,46.25 1 0
net-zilla/internal/shared_models/ai_results.go:46.25,48.4 1 0
net-zilla/internal/shared_models/ai_results.go:49.3,49.47 1 0
net-zilla/internal/shared_models/ai_results.go:52.2,52.32 1 1
net-zilla/internal/shared_models/ai_results.go:52.32,54.3 1 0
net-zilla/internal/shared_models/ai_results.go:56.2,57.21 2 1
net-zilla/internal/shared_models/ai_results.go:57.21,59.3 1 1
net-zilla/internal/shared_models/ai_results.go:61.2,61.29 1 1
net-zilla/internal/shared_models/ai_results.go:61.29,63.3 1 0
net-zilla/internal/shared_models/ai_results.go:65.2,65.33 1 1
net-zilla/internal/shared_models/ai_results.go:65.33,67.3 1 0
net-zilla/internal/shared_models/ai_results.go:69.2,69.56 1 1
net-zilla/internal/shared_models/ai_results.go:73.57,75.64 1 1
net-zilla/internal/shared_models/ai_results.go:75.64,77.3 1 0
net-zilla/internal/shared_models/ai_results.go:80.2,80.66 1 1
net-zilla/internal/shared_models/ai_results.go:80.66,82.3 1 1
net-zilla/internal/shared_models/ai_results.go:85.2,85.17 1 0
net-zilla/internal/shared_models/ai_results.go:85.17,87.3 1 0
net-zilla/internal/shared_models/ai_results.go:90.2,90.24 1 0
net-zilla/internal/shared_models/ai_results.go:90.24,93.3 1 0
net-zilla/internal/shared_models/ai_results.go:96.2,96.12 1 0
net-zilla/internal/shared_models/ai_results.go:100.53,103.2 2 1
net-zilla/internal/shared_models/ai_results.go:106.53,108.2 1 1
net-zilla/internal/shared_models/ai_results.go:111.59,113.2 1 1
net-zilla/internal/shared_models/ai_results.go:116.70,117.34 1 1
net-zilla/internal/shared_models/ai_results.go:117.34,119.3 1 0
net-zilla/internal/shared_models/ai_results.go:120.2,120.37 1 1
net-zilla/internal/shared_models/ai_results.go:124.73,126.2 1 1
net-zilla/internal/shared_models/ai_results.go:129.61,131.2 1 1
net-zilla/internal/shared_models/ai_results.go:134.74,136.2 1 1
net-zilla/internal/shared_models/ai_results.go:139.47,146.2 2 1
net-zilla/internal/shared_models/ai_results.go:149.49,155.2 2 1
net-zilla/internal/shared_models/ai_results.go:158.46,165.2 2 1
net-zilla/internal/shared_models/ai_results.go:168.48,169.39 1 1
net-zilla/internal/shared_models/ai_results.go:170.28,171.42 1 0
net-zilla/internal/shared_models/ai_results.go:172.14,173.42 1 1
net-zilla/internal/shared_models/ai_results.go:174.28,175.42 1 0
net-zilla/internal/shared_models/ai_results.go:176.13,177.42 1 0
net-zilla/internal/shared_models/ai_results.go:178.26,179.41 1 0
net-zilla/internal/shared_models/ai_results.go:180.10,181.41 1 0
net-zilla/internal/shared_models/ai_results.go:186.54,188.2 1 1
net-zilla/internal/shared_models/ai_results.go:191.70,193.2 1 1
net-zilla/internal/shared_models/ai_results.go:196.72,197.24 1 1
net-zilla/internal/shared_models/ai_results.go:197.24,199.3 1 0
net-zilla/internal/shared_models/ai_results.go:200.2,200.26 1 1
net-zilla/internal/shared_models/ai_results.go:204.73,205.24 1 1
net-zilla/internal/shared_models/ai_results.go:205.24,207.3 1 0
net-zilla/internal/shared_models/ai_results.go:208.2,209.22 2 1
net-zilla/internal/shared_models/ai_results.go:213.45,215.2 1 1
net-zilla/internal/shared_models/ai_results.go:218.46,219.19 1 1
net-zilla/internal/shared_models/ai_results.go:219.19,221.3 1 0
net-zilla/internal/shared_models/ai_results.go:223.2,224.21 2 1
net-zilla/internal/shared_models/ai_results.go:224.21,226.3 1 1
net-zilla/internal/shared_models/ai_results.go:226.8,226.30 1 0
net-zilla/internal/shared_models/ai_results.go:226.30,228.3 1 0
net-zilla/internal/shared_models/ai_results.go:228.8,228.23 1 0
net-zilla/internal/shared_models/ai_results.go:228.23,230.3 1 0
net-zilla/internal/shared_models/ai_results.go:232.2,233.16 2 1
net-zilla/internal/shared_models/ai_results.go:233.16,235.3 1 1
net-zilla/internal/shared_models/ai_results.go:237.2,238.71 1 1
net-zilla/internal/shared_models/ai_results.go:242.46,243.44 1 1
net-zilla/internal/shared_models/ai_results.go:243.44,245.3 1 1
net-zilla/internal/shared_models/ai_results.go:247.2,247.46 1 1
net-zilla/internal/shared_models/ai_results.go:247.46,249.3 1 0
net-zilla/internal/shared_models/ai_results.go:251.2,251.24 1 1
net-zilla/internal/shared_models/ai_results.go:251.24,253.3 1 0
net-zilla/internal/shared_models/ai_results.go:255.2,255.12 1 1
net-zilla/internal/shared_models/ai_results.go:259.46,272.2 1 1
net-zilla/internal/shared_models/ai_results.go:275.52,287.2 1 1
net-zilla/internal/shared_models/ai_results.go:290.34,292.2 1 1
net-zilla/internal/storage/database.go:17.56,19.16 2 1
net-zilla/internal/storage/database.go:19.16,21.3 1 0
net-zilla/internal/storage/database.go:23.2,23.34 1 1
net-zilla/internal/storage/database.go:23.34,25.3 1 0
net-zilla/internal/storage/database.go:27.2,27.39 1 1
net-zilla/internal/storage/database.go:27.39,29.3 1 0
net-zilla/internal/storage/database.go:31.2,31.31 1 1
net-zilla/internal/storage/database.go:34.35,47.32 2 1
net-zilla/internal/storage/database.go:47.32,48.43 1 1
net-zilla/internal/storage/database.go:48.43,50.4 1 0
net-zilla/internal/storage/database.go:52.2,52.12 1 1
net-zilla/internal/storage/database.go:55.93,60.16 3 1
net-zilla/internal/storage/database.go:60.16,62.3 1 0
net-zilla/internal/storage/database.go:64.2,71.12 2 1
net-zilla/internal/storage/database.go:74.100,78.16 4 0
net-zilla/internal/storage/database.go:78.16,80.3 1 0
net-zilla/internal/storage/database.go:81.2,82.64 2 0
net-zilla/internal/storage/database.go:82.64,84.3 1 0
net-zilla/internal/storage/database.go:85.2,85.23 1 0
net-zilla/internal/storage/database.go:88.52,90.2 1 0
net-zilla/internal/storage/database.go:92.105,95.16 3 1
net-zilla/internal/storage/database.go:95.16,97.3 1 0
net-zilla/internal/storage/database.go:98.2,101.18 3 1
net-zilla/internal/storage/database.go:101.18,103.42 2 1
net-zilla/internal/storage/database.go:103.42,104.12 1 0
net-zilla/internal/storage/database.go:106.3,107.65 2 1
net-zilla/internal/storage/database.go:107.65,109.4 1 1
net-zilla/internal/storage/database.go:111.2,111.21 1 1
net-zilla/internal/storage/database.go:114.34,116.2 1 1
net-zilla/internal/services/analysis_service.go:69.102,95.2 6 1
net-zilla/internal/services/analysis_service.go:98.111,102.18 2 1
net-zilla/internal/services/analysis_service.go:102.18,105.3 2 0
net-zilla/internal/services/analysis_service.go:107.2,110.65 2 1
net-zilla/internal/services/analysis_service.go:110.65,114.3 3 0
net-zilla/internal/services/analysis_service.go:116.2,119.36 2 1
net-zilla/internal/services/analysis_service.go:119.36,125.75 3 0
net-zilla/internal/services/analysis_service.go:125.75,126.74 1 0
net-zilla/internal/services/analysis_service.go:126.74,129.5 2 0
net-zilla/internal/services/analysis_service.go:133.3,134.102 2 0
net-zilla/internal/services/analysis_service.go:138.2,139.19 2 1
net-zilla/internal/services/analysis_service.go:139.19,144.3 4 0
net-zilla/internal/services/analysis_service.go:146.2,152.9 3 1
net-zilla/internal/services/analysis_service.go:153.33,155.16 1 1
net-zilla/internal/services/analysis_service.go:155.16,155.33 1 1
net-zilla/internal/services/analysis_service.go:156.20,159.93 3 0
net-zilla/internal/services/analysis_service.go:160.10,163.81 3 0
net-zilla/internal/services/analysis_service.go:167.2,168.70 2 1
net-zilla/internal/services/analysis_service.go:168.70,170.3 1 0
net-zilla/internal/services/analysis_service.go:172.2,177.16 4 1
net-zilla/internal/services/analysis_service.go:177.16,183.3 3 0
net-zilla/internal/services/analysis_service.go:186.2,189.17 2 1
net-zilla/internal/services/analysis_service.go:189.17,200.57 2 1
net-zilla/internal/services/analysis_service.go:200.57,202.4 1 0
net-zilla/internal/services/analysis_service.go:202.9,204.4 1 1
net-zilla/internal/services/analysis_service.go:208.2,216.20 4 1
net-zilla/internal/services/analysis_service.go:222.68,227.13 4 1
net-zilla/internal/services/analysis_service.go:227.13,229.3 1 1
net-zilla/internal/services/analysis_service.go:232.2,232.44 1 1
net-zilla/internal/services/analysis_service.go:232.44,234.3 1 1
net-zilla/internal/services/analysis_service.go:237.2,243.14 6 0
net-zilla/internal/services/analysis_service.go:247.69,252.50 3 1
net-zilla/internal/services/analysis_service.go:252.50,253.45 1 0
net-zilla/internal/services/analysis_service.go:253.45,257.4 2 0
net-zilla/internal/services/analysis_service.go:259.3,260.56 2 0
net-zilla/internal/services/analysis_service.go:264.2,273.21 4 1
net-zilla/internal/services/analysis_service.go:277.74,282.13 4 1
net-zilla/internal/services/analysis_service.go:282.13,285.3 2 0
net-zilla/internal/services/analysis_service.go:287.2,287.31 1 1
net-zilla/internal/services/analysis_service.go:287.31,291.3 3 1
net-zilla/internal/services/analysis_service.go:294.2,296.14 2 0
net-zilla/internal/services/analysis_service.go:300.104,307.33 5 0
net-zilla/internal/services/analysis_service.go:307.33,309.38 1 0
net-zilla/internal/services/analysis_service.go:309.38,311.55 1 0
net-zilla/internal/services/analysis_service.go:311.55,316.5 3 0
net-zilla/internal/services/analysis_service.go:320.3,320.28 1 0
net-zilla/internal/services/analysis_service.go:323.2,324.12 2 0
net-zilla/internal/services/analysis_service.go:328.46,332.6 3 1
net-zilla/internal/services/analysis_service.go:332.6,333.10 1 1
net-zilla/internal/services/analysis_service.go:334.19,335.27 1 0
net-zilla/internal/services/analysis_service.go:341.49,348.41 5 0
net-zilla/internal/services/analysis_service.go:348.41,349.42 1 0
net-zilla/internal/services/analysis_service.go:349.42,354.4 3 0
net-zilla/internal/services/analysis_service.go:357.2,357.22 1 0
net-zilla/internal/services/analysis_service.go:357.22,359.3 1 0
net-zilla/internal/services/analysis_service.go:365.34,368.16 2 1
net-zilla/internal/services/analysis_service.go:368.16,370.3 1 0
net-zilla/internal/services/analysis_service.go:373.2,382.26 4 1
net-zilla/internal/services/analysis_service.go:382.26,384.3 1 0
net-zilla/internal/services/analysis_service.go:386.2,386.19 1 1
net-zilla/internal/services/analysis_service.go:390.30,392.2 1 1
net-zilla/internal/services/analysis_service.go:396.78,401.13 4 1
net-zilla/internal/services/analysis_service.go:401.13,403.3 1 1
net-zilla/internal/services/analysis_service.go:405.2,405.46 1 1
net-zilla/internal/services/analysis_service.go:405.46,407.3 1 1
net-zilla/internal/services/analysis_service.go:410.2,416.12 6 0
net-zilla/internal/services/analysis_service.go:419.84,429.25 4 1
net-zilla/internal/services/analysis_service.go:429.25,431.3 1 0
net-zilla/internal/services/analysis_service.go:434.62,435.27 1 0
net-zilla/internal/services/analysis_service.go:435.27,438.3 2 0
net-zilla/internal/services/analysis_service.go:442.2,443.27 2 0
net-zilla/internal/services/analysis_service.go:443.27,444.23 1 0
net-zilla/internal/services/analysis_service.go:444.23,445.9 1 0
net-zilla/internal/services/analysis_service.go:447.3,448.12 2 0
net-zilla/internal/services/analysis_service.go:451.2,451.83 1 0
net-zilla/internal/services/analysis_service.go:454.47,458.6 3 1
net-zilla/internal/services/analysis_service.go:458.6,459.10 1 1
net-zilla/internal/services/analysis_service.go:460.19,461.27 1 0
net-zilla/internal/services/analysis_service.go:466.49,473.34 5 0
net-zilla/internal/services/analysis_service.go:473.34,474.44 1 0
net-zilla/internal/services/analysis_service.go:474.44,477.4 2 0
net-zilla/internal/services/analysis_service.go:480.2,480.22 1 0
net-zilla/internal/services/analysis_service.go:480.22,482.3 1 0
net-zilla/internal/services/analysis_service.go:487.94,492.13 4 1
net-zilla/internal/services/analysis_service.go:492.13,494.3 1 1
net-zilla/internal/services/analysis_service.go:494.8,496.3 1 0
net-zilla/internal/services/analysis_service.go:499.2,499.34 1 1
net-zilla/internal/services/analysis_service.go:499.34,501.3 1 1
net-zilla/internal/services/analysis_service.go:501.8,507.3 2 0
net-zilla/internal/services/analysis_service.go:509.2,510.29 1 1
net-zilla/internal/services/analysis_service.go:513.44,517.2 3 0
net-zilla/internal/services/analysis_service.go:519.45,523.2 3 1
net-zilla/internal/services/analysis_service.go:525.54,529.2 3 0
net-zilla/internal/services/analysis_service.go:531.51,535.2 3 1
net-zilla/internal/services/analysis_service.go:537.47,541.2 3 0
net-zilla/internal/services/analysis_service.go:544.70,557.33 10 1
net-zilla/internal/services/analysis_service.go:557.33,559.3 1 0
net-zilla/internal/services/analysis_service.go:561.2,563.26 3 1
net-zilla/internal/services/analysis_service.go:563.26,565.3 1 0
net-zilla/internal/services/analysis_service.go:567.2,569.27 3 1
net-zilla/internal/services/analysis_service.go:569.27,571.3 1 0
net-zilla/internal/services/analysis_service.go:573.2,593.3 1 1
net-zilla/internal/services/analysis_service.go:599.112,600.17 1 1
net-zilla/internal/services/analysis_service.go:600.17,602.3 1 0
net-zilla/internal/services/analysis_service.go:604.2,604.16 1 1
net-zilla/internal/services/analysis_service.go:604.16,606.3 1 0
net-zilla/internal/services/analysis_service.go:608.2,608.18 1 1
net-zilla/internal/services/analysis_service.go:608.18,610.3 1 0
net-zilla/internal/services/analysis_service.go:612.2,613.44 2 1
net-zilla/internal/services/analysis_service.go:617.115,618.17 1 1
net-zilla/internal/services/analysis_service.go:618.17,620.3 1 0
net-zilla/internal/services/analysis_service.go:622.2,622.22 1 1
net-zilla/internal/services/analysis_service.go:622.22,624.3 1 0
net-zilla/internal/services/analysis_service.go:626.2,627.46 2 1
net-zilla/internal/services/analysis_service.go:631.121,637.2 1 0
net-zilla/internal/services/analysis_service.go:640.40,652.2 9 1
net-zilla/internal/services/analysis_service.go:655.83,667.17 2 1
net-zilla/internal/services/analysis_service.go:667.17,668.40 1 0
net-zilla/internal/services/analysis_service.go:668.40,672.4 3 0
net-zilla/internal/services/analysis_service.go:672.9,674.4 1 0
net-zilla/internal/services/analysis_service.go:675.8,677.3 1 1
net-zilla/internal/services/analysis_service.go:680.2,680.27 1 1
net-zilla/internal/services/analysis_service.go:680.27,681.63 1 1
net-zilla/internal/services/analysis_service.go:681.63,684.4 2 0
net-zilla/internal/services/analysis_service.go:684.9,686.4 1 1
net-zilla/internal/services/analysis_service.go:690.2,693.15 3 1
net-zilla/internal/services/analysis_service.go:697.83,700.30 2 1
net-zilla/internal/services/analysis_service.go:700.30,702.3 1 0
net-zilla/internal/services/analysis_service.go:704.2,704.50 1 1
net-zilla/internal/services/analysis_service.go:704.50,707.3 1 1
net-zilla/internal/services/analysis_service.go:709.2,709.24 1 1
net-zilla/internal/services/analysis_service.go:709.24,712.3 2 0
net-zilla/internal/services/analysis_service.go:714.2,714.17 1 1
net-zilla/internal/services/analysis_service.go:717.107,718.27 1 1
net-zilla/internal/services/analysis_service.go:718.27,720.3 1 0
net-zilla/internal/services/analysis_service.go:722.2,722.25 1 1
net-zilla/internal/services/analysis_service.go:722.25,724.3 1 0
net-zilla/internal/services/analysis_service.go:726.2,726.31 1 1
net-zilla/internal/services/analysis_service.go:726.31,728.3 1 0
net-zilla/internal/services/analysis_service.go:730.2,730.28 1 1
net-zilla/internal/services/analysis_service.go:730.28,732.3 1 0
net-zilla/internal/services/analysis_service.go:734.2,737.64 4 1
net-zilla/internal/services/analysis_service.go:740.94,757.2 1 0
net-zilla/internal/services/analysis_service.go:759.45,762.30 3 0
net-zilla/internal/services/analysis_service.go:762.30,764.3 1 0
net-zilla/internal/services/analysis_service.go:765.2,765.49 1 0
net-zilla/internal/services/analysis_service.go:769.50,771.2 1 1
net-zilla/internal/services/analysis_service.go:774.68,780.41 4 0
net-zilla/internal/services/analysis_service.go:780.41,782.3 1 0
net-zilla/internal/services/analysis_service.go:783.2,783.14 1 0
net-zilla/internal/utils/backoff.go:16.68,22.2 1 1
net-zilla/internal/utils/backoff.go:24.40,29.30 4 1
net-zilla/internal/utils/backoff.go:29.30,31.3 1 0
net-zilla/internal/utils/backoff.go:32.2,32.20 1 1
net-zilla/internal/utils/backoff.go:35.27,37.2 1 1
net-zilla/internal/utils/menu.go:24.22,26.2 1 1
net-zilla/internal/utils/menu.go:35.73,42.2 1 1
net-zilla/internal/utils/menu.go:44.28,45.16 1 0
net-zilla/internal/utils/menu.go:45.16,49.17 4 0
net-zilla/internal/utils/menu.go:50.12,51.23 1 0
net-zilla/internal/utils/menu.go:52.12,53.19 1 0
net-zilla/internal/utils/menu.go:54.12,55.21 1 0
net-zilla/internal/utils/menu.go:58.2,58.12 1 0
net-zilla/internal/utils/menu.go:61.44,64.2 2 0
net-zilla/internal/utils/menu.go:66.34,69.18 3 0
net-zilla/internal/utils/menu.go:69.18,71.3 1 0
net-zilla/internal/utils/menu.go:73.2,75.16 3 0
net-zilla/internal/utils/menu.go:75.16,78.3 2 0
net-zilla/internal/utils/menu.go:80.2,82.78 2 0
net-zilla/internal/utils/menu.go:82.78,87.25 5 0
net-zilla/internal/utils/menu.go:87.25,89.4 1 0
net-zilla/internal/utils/menu.go:90.3,90.32 1 0
net-zilla/internal/utils/menu.go:90.32,92.4 1 0
net-zilla/internal/utils/menu.go:96.30,98.28 2 0
net-zilla/internal/utils/menu.go:98.28,100.3 1 0
net-zilla/pkg/metrics/metrics.go:14.28,19.2 1 1
net-zilla/pkg/metrics/metrics.go:21.49,25.2 3 1
net-zilla/pkg/metrics/metrics.go:27.72,31.2 3 1
net-zilla/internal/visualization/dashboard_builder.go:10.46,12.2 1 1
net-zilla/internal/visualization/dashboard_builder.go:15.96,20.34 4 1
net-zilla/internal/visualization/dashboard_builder.go:20.34,23.3 2 1
net-zilla/internal/visualization/dashboard_builder.go:25.2,25.33 1 1
net-zilla/internal/visualization/dashboard_builder.go:25.33,27.46 2 1
net-zilla/internal/visualization/dashboard_builder.go:27.46,29.4 1 1
net-zilla/internal/visualization/dashboard_builder.go:32.2,32.16 1 1
net-zilla/internal/visualization/export_formatter.go:12.44,14.2 1 0
net-zilla/internal/visualization/export_formatter.go:17.86,19.2 1 0
net-zilla/internal/visualization/export_formatter.go:22.76,25.76 3 0
net-zilla/internal/visualization/export_formatter.go:25.76,27.3 1 0
net-zilla/internal/visualization/export_formatter.go:28.2,28.21 1 0
net-zilla/internal/visualization/graph_renderer.go:11.40,13.2 1 1
net-zilla/internal/visualization/graph_renderer.go:16.80,17.20 1 1
net-zilla/internal/visualization/graph_renderer.go:17.20,19.3 1 1
net-zilla/internal/visualization/graph_renderer.go:21.2,24.27 3 1
net-zilla/internal/visualization/graph_renderer.go:24.27,27.23 3 1
net-zilla/internal/visualization/graph_renderer.go:27.23,29.4 1 1
net-zilla/internal/visualization/graph_renderer.go:29.9,31.4 1 1
net-zilla/internal/visualization/graph_renderer.go:34.2,34.20 1 1
net-zilla/internal/visualization/report_generator.go:12.44,14.2 1 1
net-zilla/internal/visualization/report_generator.go:17.85,29.34 10 1
net-zilla/internal/visualization/report_generator.go:29.34,36.3 6 1
net-zilla/internal/visualization/report_generator.go:38.2,38.33 1 1
net-zilla/internal/visualization/report_generator.go:38.33,41.46 3 1
net-zilla/internal/visualization/report_generator.go:41.46,47.4 5 1
net-zilla/internal/visualization/report_generator.go:48.3,48.23 1 1
net-zilla/internal/visualization/report_generator.go:51.2,51.85 1 1
net-zilla/internal/visualization/report_generator.go:51.85,54.56 3 1
net-zilla/internal/visualization/report_generator.go:54.56,57.4 2 1
net-zilla/internal/visualization/report_generator.go:58.3,58.23 1 1
net-zilla/internal/visualization/report_generator.go:61.2,65.20 4 1
net-zilla/pkg/logger/logger.go:23.35,25.2 1 1
net-zilla/pkg/logger/logger.go:43.26,50.2 2 1
net-zilla/pkg/logger/logger.go:52.20,54.2 1 0
net-zilla/pkg/logger/logger.go:56.34,60.2 3 1
net-zilla/pkg/logger/logger.go:62.43,66.2 3 1
net-zilla/pkg/logger/logger.go:68.60,70.2 1 1
net-zilla/pkg/logger/logger.go:72.59,74.2 1 1
net-zilla/pkg/logger/logger.go:76.59,78.2 1 0
net-zilla/pkg/logger/logger.go:80.60,82.2 1 0
net-zilla/pkg/logger/logger.go:84.60,87.2 2 0
net-zilla/pkg/logger/logger.go:89.33,93.2 3 0
net-zilla/pkg/logger/logger.go:95.53,97.2 1 0
net-zilla/pkg/logger/logger.go:99.74,103.21 3 1
net-zilla/pkg/logger/logger.go:103.21,105.3 1 1
net-zilla/pkg/logger/logger.go:107.2,109.18 2 1
net-zilla/pkg/logger/logger.go:109.18,117.3 3 1
net-zilla/pkg/logger/logger.go:117.8,120.3 2 1
net-zilla/internal/threat_intel/feeds_client.go:43.84,81.2 2 1
net-zilla/internal/threat_intel/feeds_client.go:84.49,89.2 1 1
net-zilla/internal/threat_intel/feeds_client.go:92.86,94.65 1 0
net-zilla/internal/threat_intel/feeds_client.go:94.65,96.3 1 0
net-zilla/internal/threat_intel/feeds_client.go:98.2,104.40 6 0
net-zilla/internal/threat_intel/feeds_client.go:104.40,105.24 1 0
net-zilla/internal/threat_intel/feeds_client.go:105.24,106.12 1 0
net-zilla/internal/threat_intel/feeds_client.go:109.3,110.23 2 0
net-zilla/internal/threat_intel/feeds_client.go:110.23,114.17 3 0
net-zilla/internal/threat_intel/feeds_client.go:114.17,114.32 1 0
net-zilla/internal/threat_intel/feeds_client.go:116.4,116.11 1 0
net-zilla/internal/threat_intel/feeds_client.go:117.22,119.11 2 0
net-zilla/internal/threat_intel/feeds_client.go:120.12,122.19 2 0
net-zilla/internal/threat_intel/feeds_client.go:122.19,125.6 2 0
net-zilla/internal/threat_intel/feeds_client.go:127.5,129.16 3 0
net-zilla/internal/threat_intel/feeds_client.go:134.2,139.27 4 0
net-zilla/internal/threat_intel/feeds_client.go:139.27,140.17 1 0
net-zilla/internal/threat_intel/feeds_client.go:140.17,142.4 1 0
net-zilla/internal/threat_intel/feeds_client.go:146.2,148.19 2 0
net-zilla/internal/threat_intel/feeds_client.go:148.19,150.3 1 0
net-zilla/internal/threat_intel/feeds_client.go:152.2,152.27 1 0
net-zilla/internal/threat_intel/feeds_client.go:156.99,158.20 1 0
net-zilla/internal/threat_intel/feeds_client.go:158.20,160.3 1 0
net-zilla/internal/threat_intel/feeds_client.go:162.2,167.40 5 0
net-zilla/internal/threat_intel/feeds_client.go:167.40,168.24 1 0
net-zilla/internal/threat_intel/feeds_client.go:168.24,169.12 1 0
net-zilla/internal/threat_intel/feeds_client.go:172.3,173.23 2 0
net-zilla/internal/threat_intel/feeds_client.go:173.23,176.11 2 0
net-zilla/internal/threat_intel/feeds_client.go:177.22,179.11 2 0
net-zilla/internal/threat_intel/feeds_client.go:180.12,182.19 2 0
net-zilla/internal/threat_intel/feeds_client.go:182.19,185.6 2 0
net-zilla/internal/threat_intel/feeds_client.go:187.5,189.16 3 0
net-zilla/internal/threat_intel/feeds_client.go:194.2,199.27 4 0
net-zilla/internal/threat_intel/feeds_client.go:199.27,200.44 1 0
net-zilla/internal/threat_intel/feeds_client.go:200.44,202.4 1 0
net-zilla/internal/threat_intel/feeds_client.go:205.2,205.40 1 0
net-zilla/internal/threat_intel/feeds_client.go:205.40,207.3 1 0
net-zilla/internal/threat_intel/feeds_client.go:209.2,209.21 1 0
net-zilla/internal/threat_intel/feeds_client.go:213.110,214.23 1 0
net-zilla/internal/threat_intel/feeds_client.go:215.19,216.42 1 0
net-zilla/internal/threat_intel/feeds_client.go:217.20,218.43 1 0
net-zilla/internal/threat_intel/feeds_client.go:219.23,220.46 1 0
net-zilla/internal/threat_intel/feeds_client.go:221.10,222.68 1 0
net-zilla/internal/threat_intel/feeds_client.go:227.129,228.23 1 0
net-zilla/internal/threat_intel/feeds_client.go:229.19,230.52 1 0
net-zilla/internal/threat_intel/feeds_client.go:231.20,232.53 1 0
net-zilla/internal/threat_intel/feeds_client.go:233.23,234.56 1 0
net-zilla/internal/threat_intel/feeds_client.go:235.10,241.9 1 0
net-zilla/internal/threat_intel/feeds_client.go:246.107,249.16 2 0
net-zilla/internal/threat_intel/feeds_client.go:249.16,251.3 1 0
net-zilla/internal/threat_intel/feeds_client.go:253.2,258.16 5 0
net-zilla/internal/threat_intel/feeds_client.go:258.16,260.3 1 0
net-zilla/internal/threat_intel/feeds_client.go:261.2,263.38 2 0
net-zilla/internal/threat_intel/feeds_client.go:263.38,266.3 2 0
net-zilla/internal/threat_intel/feeds_client.go:268.2,280.67 2 0
net-zilla/internal/threat_intel/feeds_client.go:280.67,282.3 1 0
net-zilla/internal/threat_intel/feeds_client.go:284.2,285.35 2 0
net-zilla/internal/threat_intel/feeds_client.go:285.35,301.3 2 0
net-zilla/internal/threat_intel/feeds_client.go:303.2,303.24 1 0
net-zilla/internal/threat_intel/feeds_client.go:306.130,309.16 3 0
net-zilla/internal/threat_intel/feeds_client.go:309.16,311.3 1 0
net-zilla/internal/threat_intel/feeds_client.go:313.2,318.16 5 0
net-zilla/internal/threat_intel/feeds_client.go:318.16,320.3 1 0
net-zilla/internal/threat_intel/feeds_client.go:321.2,323.38 2 0
net-zilla/internal/threat_intel/feeds_client.go:323.38,326.3 2 0
net-zilla/internal/threat_intel/feeds_client.go:328.2,346.67 2 0
net-zilla/internal/threat_intel/feeds_client.go:346.67,348.3 1 0
net-zilla/internal/threat_intel/feeds_client.go:350.2,367.8 2 0
net-zilla/internal/threat_intel/feeds_client.go:371.65,376.53 3 0
net-zilla/internal/threat_intel/feeds_client.go:376.53,378.3 1 0
net-zilla/internal/threat_intel/feeds_client.go:380.2,381.48 2 0
net-zilla/internal/threat_intel/feeds_client.go:381.48,383.3 1 0
net-zilla/internal/threat_intel/feeds_client.go:385.2,385.19 1 0
net-zilla/internal/threat_intel/feeds_client.go:388.67,393.39 4 0
net-zilla/internal/threat_intel/feeds_client.go:393.39,395.3 1 0
net-zilla/internal/threat_intel/feeds_client.go:396.2,396.35 1 0
net-zilla/internal/threat_intel/feeds_client.go:399.32,401.21 2 0
net-zilla/internal/threat_intel/feeds_client.go:401.21,403.3 1 0
net-zilla/internal/threat_intel/feeds_client.go:405.2,405.29 1 0
net-zilla/internal/threat_intel/feeds_client.go:405.29,406.38 1 0
net-zilla/internal/threat_intel/feeds_client.go:406.38,408.4 1 0
net-zilla/internal/threat_intel/feeds_client.go:409.3,409.27 1 0
net-zilla/internal/threat_intel/feeds_client.go:409.27,410.28 1 0
net-zilla/internal/threat_intel/feeds_client.go:410.28,412.5 1 0
net-zilla/internal/threat_intel/feeds_client.go:414.3,414.46 1 0
net-zilla/internal/threat_intel/feeds_client.go:414.46,416.4 1 0
net-zilla/internal/threat_intel/feeds_client.go:418.2,418.13 1 0
net-zilla/internal/threat_intel/feeds_client.go:421.25,423.23 2 0
net-zilla/internal/threat_intel/feeds_client.go:423.23,425.3 1 0
net-zilla/internal/threat_intel/feeds_client.go:426.2,426.10 1 0
net-zilla/internal/threat_intel/feeds_client.go:429.47,430.9 1 0
net-zilla/internal/threat_intel/feeds_client.go:431.24,432.20 1 0
net-zilla/internal/threat_intel/feeds_client.go:433.24,434.16 1 0
net-zilla/internal/threat_intel/feeds_client.go:435.24,436.18 1 0
net-zilla/internal/threat_intel/feeds_client.go:437.24,438.15 1 0
net-zilla/internal/threat_intel/feeds_client.go:439.10,440.16 1 0
net-zilla/internal/threat_intel/feeds_client.go:444.48,445.9 1 0
net-zilla/internal/threat_intel/feeds_client.go:446.24,447.21 1 0
net-zilla/internal/threat_intel/feeds_client.go:448.24,449.22 1 0
net-zilla/internal/threat_intel/feeds_client.go:450.24,451.22 1 0
net-zilla/internal/threat_intel/feeds_client.go:452.24,453.19 1 0
net-zilla/internal/threat_intel/feeds_client.go:454.10,455.17 1 0
net-zilla/internal/threat_intel/feeds_client.go:460.108,463.2 1 0
net-zilla/internal/threat_intel/feeds_client.go:465.111,468.2 1 0
net-zilla/internal/threat_intel/feeds_client.go:470.131,478.2 1 0
net-zilla/internal/threat_intel/feeds_client.go:480.134,488.2 1 0
net-zilla/internal/threat_intel/ioc_analyzer.go:15.97,21.2 1 1
net-zilla/internal/threat_intel/ioc_analyzer.go:23.94,26.16 2 1
net-zilla/internal/threat_intel/ioc_analyzer.go:26.16,28.3 1 0
net-zilla/internal/threat_intel/ioc_analyzer.go:29.2,29.22 1 1
net-zilla/internal/threat_intel/ioc_analyzer.go:29.22,31.3 1 1
net-zilla/internal/threat_intel/ioc_analyzer.go:35.2,35.17 1 1
net-zilla/internal/threat_intel/malware_analyzer.go:60.44,79.2 5 1
net-zilla/internal/threat_intel/malware_analyzer.go:81.52,338.31 5 1
net-zilla/internal/threat_intel/malware_analyzer.go:338.31,339.55 1 1
net-zilla/internal/threat_intel/malware_analyzer.go:339.55,348.4 1 1
net-zilla/internal/threat_intel/malware_analyzer.go:351.2,352.34 2 1
net-zilla/internal/threat_intel/malware_analyzer.go:352.34,353.55 1 1
net-zilla/internal/threat_intel/malware_analyzer.go:353.55,362.4 1 1
net-zilla/internal/threat_intel/malware_analyzer.go:365.2,366.36 2 1
net-zilla/internal/threat_intel/malware_analyzer.go:366.36,367.55 1 1
net-zilla/internal/threat_intel/malware_analyzer.go:367.55,376.4 1 1
net-zilla/internal/threat_intel/malware_analyzer.go:380.54,406.35 2 1
net-zilla/internal/threat_intel/malware_analyzer.go:406.35,408.3 1 1
net-zilla/internal/threat_intel/malware_analyzer.go:411.52,440.2 1 1
net-zilla/internal/threat_intel/malware_analyzer.go:442.83,443.19 1 1
net-zilla/internal/threat_intel/malware_analyzer.go:443.19,450.3 1 0
net-zilla/internal/threat_intel/malware_analyzer.go:453.2,454.57 2 1
net-zilla/internal/threat_intel/malware_analyzer.go:454.57,456.3 1 0
net-zilla/internal/threat_intel/malware_analyzer.go:458.2,472.20 5 1
net-zilla/internal/threat_intel/malware_analyzer.go:473.20,474.68 1 1
net-zilla/internal/threat_intel/malware_analyzer.go:475.15,476.71 1 0
net-zilla/internal/threat_intel/malware_analyzer.go:477.10,478.73 1 0
net-zilla/internal/threat_intel/malware_analyzer.go:482.2,491.19 6 1
net-zilla/internal/threat_intel/malware_analyzer.go:491.19,498.3 1 0
net-zilla/internal/threat_intel/malware_analyzer.go:501.2,501.37 1 1
net-zilla/internal/threat_intel/malware_analyzer.go:501.37,508.3 1 0
net-zilla/internal/threat_intel/malware_analyzer.go:511.2,511.34 1 1
net-zilla/internal/threat_intel/malware_analyzer.go:511.34,518.3 1 0
net-zilla/internal/threat_intel/malware_analyzer.go:520.2,534.17 8 1
net-zilla/internal/threat_intel/malware_analyzer.go:537.119,540.35 2 1
net-zilla/internal/threat_intel/malware_analyzer.go:540.35,541.78 1 1
net-zilla/internal/threat_intel/malware_analyzer.go:541.78,542.34 1 1
net-zilla/internal/threat_intel/malware_analyzer.go:542.34,545.32 2 1
net-zilla/internal/threat_intel/malware_analyzer.go:545.32,547.6 1 0
net-zilla/internal/threat_intel/malware_analyzer.go:549.5,556.7 1 1
net-zilla/internal/threat_intel/malware_analyzer.go:561.2,561.17 1 1
net-zilla/internal/threat_intel/malware_analyzer.go:564.94,568.50 3 1
net-zilla/internal/threat_intel/malware_analyzer.go:568.50,569.49 1 1
net-zilla/internal/threat_intel/malware_analyzer.go:569.49,576.4 1 0
net-zilla/internal/threat_intel/malware_analyzer.go:579.2,579.17 1 1
net-zilla/internal/threat_intel/malware_analyzer.go:582.68,584.38 1 1
net-zilla/internal/threat_intel/malware_analyzer.go:584.38,587.56 1 1
net-zilla/internal/threat_intel/malware_analyzer.go:587.56,589.4 1 1
net-zilla/internal/threat_intel/malware_analyzer.go:590.3,590.59 1 0
net-zilla/internal/threat_intel/malware_analyzer.go:590.59,592.4 1 0
net-zilla/internal/threat_intel/malware_analyzer.go:593.3,593.57 1 0
net-zilla/internal/threat_intel/malware_analyzer.go:593.57,595.4 1 0
net-zilla/internal/threat_intel/malware_analyzer.go:599.2,606.41 2 1
net-zilla/internal/threat_intel/malware_analyzer.go:606.41,607.43 1 1
net-zilla/internal/threat_intel/malware_analyzer.go:607.43,609.4 1 1
net-zilla/internal/threat_intel/malware_analyzer.go:613.2,615.37 1 0
net-zilla/internal/threat_intel/malware_analyzer.go:615.37,617.3 1 0
net-zilla/internal/threat_intel/malware_analyzer.go:620.2,620.18 1 0
net-zilla/internal/threat_intel/malware_analyzer.go:623.63,624.17 1 1
net-zilla/internal/threat_intel/malware_analyzer.go:624.17,626.3 1 0
net-zilla/internal/threat_intel/malware_analyzer.go:628.2,629.22 2 1
net-zilla/internal/threat_intel/malware_analyzer.go:629.22,631.3 1 1
net-zilla/internal/threat_intel/malware_analyzer.go:633.2,636.29 3 1
net-zilla/internal/threat_intel/malware_analyzer.go:636.29,639.3 2 1
net-zilla/internal/threat_intel/malware_analyzer.go:641.2,641.16 1 1
net-zilla/internal/threat_intel/malware_analyzer.go:644.69,649.32 3 1
net-zilla/internal/threat_intel/malware_analyzer.go:649.32,651.67 1 0
net-zilla/internal/threat_intel/malware_analyzer.go:651.67,653.4 1 0
net-zilla/internal/threat_intel/malware_analyzer.go:656.2,656.14 1 1
net-zilla/internal/threat_intel/malware_analyzer.go:659.66,662.45 2 1
net-zilla/internal/threat_intel/malware_analyzer.go:662.45,664.3 1 0
net-zilla/internal/threat_intel/malware_analyzer.go:667.2,670.32 3 1
net-zilla/internal/threat_intel/malware_analyzer.go:670.32,672.52 1 0
net-zilla/internal/threat_intel/malware_analyzer.go:672.52,674.4 1 0
net-zilla/internal/threat_intel/malware_analyzer.go:677.2,677.14 1 1
net-zilla/internal/threat_intel/malware_analyzer.go:680.88,681.24 1 1
net-zilla/internal/threat_intel/malware_analyzer.go:681.24,683.3 1 1
net-zilla/internal/threat_intel/malware_analyzer.go:685.2,689.35 4 1
net-zilla/internal/threat_intel/malware_analyzer.go:689.35,691.32 2 1
net-zilla/internal/threat_intel/malware_analyzer.go:691.32,693.4 1 1
net-zilla/internal/threat_intel/malware_analyzer.go:694.3,694.17 1 1
net-zilla/internal/threat_intel/malware_analyzer.go:698.2,701.21 3 1
net-zilla/internal/threat_intel/malware_analyzer.go:701.21,703.3 1 0
net-zilla/internal/threat_intel/malware_analyzer.go:705.2,705.18 1 1
net-zilla/internal/threat_intel/malware_analyzer.go:708.64,709.9 1 1
net-zilla/internal/threat_intel/malware_analyzer.go:710.19,711.20 1 0
net-zilla/internal/threat_intel/malware_analyzer.go:712.19,713.16 1 1
net-zilla/internal/threat_intel/malware_analyzer.go:714.19,715.18 1 0
net-zilla/internal/threat_intel/malware_analyzer.go:716.19,717.15 1 0
net-zilla/internal/threat_intel/malware_analyzer.go:718.10,719.16 1 1
net-zilla/internal/threat_intel/malware_analyzer.go:723.89,724.24 1 1
net-zilla/internal/threat_intel/malware_analyzer.go:724.24,726.3 1 1
net-zilla/internal/threat_intel/malware_analyzer.go:729.2,730.35 2 1
net-zilla/internal/threat_intel/malware_analyzer.go:730.35,732.3 1 1
net-zilla/internal/threat_intel/malware_analyzer.go:734.2,735.22 2 1
net-zilla/internal/threat_intel/malware_analyzer.go:735.22,737.3 1 0
net-zilla/internal/threat_intel/malware_analyzer.go:739.2,739.19 1 1
net-zilla/internal/threat_intel/malware_analyzer.go:742.68,747.2 3 1
net-zilla/internal/threat_intel/malware_analyzer.go:749.86,753.54 3 1
net-zilla/internal/threat_intel/malware_analyzer.go:753.54,755.53 1 0
net-zilla/internal/threat_intel/malware_analyzer.go:755.53,757.4 1 0
net-zilla/internal/threat_intel/malware_analyzer.go:759.3,759.33 1 0
net-zilla/internal/threat_intel/malware_analyzer.go:762.2,762.19 1 1
net-zilla/internal/threat_intel/malware_analyzer.go:765.86,770.36 3 1
net-zilla/internal/threat_intel/malware_analyzer.go:770.36,772.36 1 0
net-zilla/internal/threat_intel/malware_analyzer.go:772.36,774.9 2 0
net-zilla/internal/threat_intel/malware_analyzer.go:778.2,778.35 1 1
net-zilla/internal/threat_intel/malware_analyzer.go:782.91,784.16 2 0
net-zilla/internal/threat_intel/malware_analyzer.go:784.16,786.3 1 0
net-zilla/internal/threat_intel/malware_analyzer.go:787.2,791.16 3 0
net-zilla/internal/threat_intel/malware_analyzer.go:791.16,793.3 1 0
net-zilla/internal/threat_intel/malware_analyzer.go:796.2,798.33 3 0
net-zilla/internal/threat_intel/malware_analyzer.go:798.33,800.3 1 0
net-zilla/internal/threat_intel/malware_analyzer.go:802.2,806.16 3 0
net-zilla/internal/threat_intel/malware_analyzer.go:806.16,808.3 1 0
net-zilla/internal/threat_intel/malware_analyzer.go:811.2,814.42 2 0
net-zilla/internal/threat_intel/malware_analyzer.go:814.42,815.57 1 0
net-zilla/internal/threat_intel/malware_analyzer.go:815.57,822.4 1 0
net-zilla/internal/threat_intel/malware_analyzer.go:826.2,831.32 4 0
net-zilla/internal/threat_intel/malware_analyzer.go:831.32,835.3 3 0
net-zilla/internal/threat_intel/malware_analyzer.go:837.2,837.22 1 0
net-zilla/internal/threat_intel/malware_analyzer.go:840.92,842.16 2 0
net-zilla/internal/threat_intel/malware_analyzer.go:842.16,844.3 1 0
net-zilla/internal/threat_intel/malware_analyzer.go:845.2,858.54 5 0
net-zilla/internal/threat_intel/malware_analyzer.go:858.54,860.3 1 0
net-zilla/internal/threat_intel/malware_analyzer.go:862.2,866.8 1 0
net-zilla/internal/threat_intel/malware_analyzer.go:870.76,875.2 3 1
net-zilla/internal/threat_intel/malware_analyzer.go:878.64,883.2 3 1
net-zilla/internal/threat_intel/malware_analyzer.go:886.70,891.41 4 1
net-zilla/internal/threat_intel/malware_analyzer.go:891.41,893.3 1 1
net-zilla/internal/threat_intel/malware_analyzer.go:895.2,895.19 1 1
net-zilla/internal/threat_intel/malware_analyzer.go:899.86,909.31 2 0
net-zilla/internal/threat_intel/malware_analyzer.go:909.31,917.3 2 0
net-zilla/internal/threat_intel/malware_analyzer.go:919.2,923.11 4 0
net-zilla/internal/threat_intel/malware_analyzer.go:923.11,933.3 4 0
net-zilla/internal/threat_intel/malware_analyzer.go:933.8,940.3 1 0
net-zilla/internal/threat_intel/malware_analyzer.go:942.2,942.17 1 0
net-zilla/internal/threat_intel/malware_analyzer.go:945.58,948.27 2 0
net-zilla/internal/threat_intel/malware_analyzer.go:948.27,950.3 1 0
net-zilla/internal/threat_intel/malware_analyzer.go:953.2,953.19 1 0
net-zilla/internal/threat_intel/malware_analyzer.go:954.10,955.14 1 0
net-zilla/internal/threat_intel/malware_analyzer.go:956.10,957.14 1 0
net-zilla/internal/threat_intel/malware_analyzer.go:958.10,959.14 1 0
net-zilla/internal/threat_intel/malware_analyzer.go:960.10,961.15 1 0
net-zilla/internal/threat_intel/manager.go:16.58,25.2 1 1
net-zilla/internal/threat_intel/manager.go:34.92,45.20 5 1
net-zilla/internal/threat_intel/manager.go:45.20,46.13 1 1
net-zilla/internal/threat_intel/manager.go:46.13,50.4 2 1
net-zilla/internal/threat_intel/manager.go:51.8,53.3 1 1
net-zilla/internal/threat_intel/manager.go:55.2,55.23 1 1
net-zilla/internal/threat_intel/manager.go:55.23,56.13 1 1
net-zilla/internal/threat_intel/manager.go:56.13,60.4 2 1
net-zilla/internal/threat_intel/manager.go:61.8,63.3 1 1
net-zilla/internal/threat_intel/manager.go:65.2,65.25 1 1
net-zilla/internal/threat_intel/manager.go:65.25,66.10 1 1
net-zilla/internal/threat_intel/manager.go:67.23,68.28 1 1
net-zilla/internal/threat_intel/manager.go:68.28,71.5 2 1
net-zilla/internal/threat_intel/manager.go:72.4,72.26 1 1
net-zilla/internal/threat_intel/manager.go:73.21,75.14 2 1
net-zilla/internal/threat_intel/manager.go:79.2,79.12 1 1
net-zilla/internal/threat_intel/sandbox_client.go:13.40,17.2 1 0
net-zilla/internal/threat_intel/sandbox_client.go:20.88,24.2 1 0
net-zilla/internal/threat_intel/sandbox_manager.go:16.42,22.2 1 1
net-zilla/internal/threat_intel/sandbox_manager.go:24.48,26.2 1 1
net-zilla/internal/threat_intel/sandbox_manager.go:29.98,30.17 1 1
net-zilla/internal/threat_intel/sandbox_manager.go:31.16,36.17 4 1
net-zilla/internal/threat_intel/sandbox_manager.go:37.16,38.41 1 0
net-zilla/internal/threat_intel/sandbox_manager.go:39.10,40.41 1 1
net-zilla/internal/threat_intel/sandbox_manager.go:44.95,47.2 2 1
net-zilla/internal/threat_intel/sandbox_manager.go:49.95,52.2 2 1
net-zilla/internal/threat_intel/sandbox_manager.go:54.59,57.2 2 1
net-zilla/internal/threat_intel/threat_database.go:40.82,41.16 1 1
net-zilla/internal/threat_intel/threat_database.go:41.16,43.3 1 0
net-zilla/internal/threat_intel/threat_database.go:45.2,45.19 1 1
net-zilla/internal/threat_intel/threat_database.go:45.19,47.3 1 1
net-zilla/internal/threat_intel/threat_database.go:49.2,50.16 2 1
net-zilla/internal/threat_intel/threat_database.go:50.16,52.3 1 0
net-zilla/internal/threat_intel/threat_database.go:55.2,59.34 4 1
net-zilla/internal/threat_intel/threat_database.go:59.34,61.3 1 0
net-zilla/internal/threat_intel/threat_database.go:63.2,70.46 2 1
net-zilla/internal/threat_intel/threat_database.go:70.46,73.3 2 0
net-zilla/internal/threat_intel/threat_database.go:76.2,79.16 3 1
net-zilla/internal/threat_intel/threat_database.go:82.52,143.16 3 1
net-zilla/internal/threat_intel/threat_database.go:143.16,145.3 1 0
net-zilla/internal/threat_intel/threat_database.go:146.2,148.32 2 1
net-zilla/internal/threat_intel/threat_database.go:148.32,149.43 1 1
net-zilla/internal/threat_intel/threat_database.go:149.43,151.4 1 0
net-zilla/internal/threat_intel/threat_database.go:154.2,154.36 1 1
net-zilla/internal/threat_intel/threat_database.go:154.36,156.3 1 0
net-zilla/internal/threat_intel/threat_database.go:158.2,158.12 1 1
net-zilla/internal/threat_intel/threat_database.go:161.87,163.19 1 1
net-zilla/internal/threat_intel/threat_database.go:163.19,165.3 1 0
net-zilla/internal/threat_intel/threat_database.go:166.2,166.42 1 1
net-zilla/internal/threat_intel/threat_database.go:166.42,168.3 1 0
net-zilla/internal/threat_intel/threat_database.go:169.2,169.22 1 1
net-zilla/internal/threat_intel/threat_database.go:169.22,171.3 1 1
net-zilla/internal/threat_intel/threat_database.go:172.2,172.20 1 1
net-zilla/internal/threat_intel/threat_database.go:172.20,174.3 1 1
net-zilla/internal/threat_intel/threat_database.go:175.2,175.25 1 1
net-zilla/internal/threat_intel/threat_database.go:175.25,177.3 1 1
net-zilla/internal/threat_intel/threat_database.go:178.2,178.26 1 1
net-zilla/internal/threat_intel/threat_database.go:178.26,180.3 1 1
net-zilla/internal/threat_intel/threat_database.go:183.2,184.21 2 1
net-zilla/internal/threat_intel/threat_database.go:184.21,186.3 1 0
net-zilla/internal/threat_intel/threat_database.go:188.2,205.16 3 1
net-zilla/internal/threat_intel/threat_database.go:205.16,207.3 1 0
net-zilla/internal/threat_intel/threat_database.go:210.2,221.12 8 1
net-zilla/internal/threat_intel/threat_database.go:224.96,229.44 3 1
net-zilla/internal/threat_intel/threat_database.go:229.44,230.50 1 1
net-zilla/internal/threat_intel/threat_database.go:230.50,240.4 8 1
net-zilla/internal/threat_intel/threat_database.go:242.3,242.26 1 0
net-zilla/internal/threat_intel/threat_database.go:244.2,263.26 11 1
net-zilla/internal/threat_intel/threat_database.go:263.26,267.3 3 1
net-zilla/internal/threat_intel/threat_database.go:268.2,268.16 1 0
net-zilla/internal/threat_intel/threat_database.go:268.16,272.3 3 0
net-zilla/internal/threat_intel/threat_database.go:275.2,293.34 10 0
net-zilla/internal/threat_intel/threat_database.go:293.34,295.3 1 0
net-zilla/internal/threat_intel/threat_database.go:295.8,300.3 2 0
net-zilla/internal/threat_intel/threat_database.go:301.2,303.16 2 0
net-zilla/internal/threat_intel/threat_database.go:306.114,307.22 1 1
net-zilla/internal/threat_intel/threat_database.go:307.22,309.3 1 0
net-zilla/internal/threat_intel/threat_database.go:311.2,311.24 1 1
net-zilla/internal/threat_intel/threat_database.go:311.24,313.3 1 0
net-zilla/internal/threat_intel/threat_database.go:315.2,321.31 5 1
net-zilla/internal/threat_intel/threat_database.go:321.31,322.45 1 1
net-zilla/internal/threat_intel/threat_database.go:322.45,323.51 1 1
net-zilla/internal/threat_intel/threat_database.go:323.51,329.13 6 1
net-zilla/internal/threat_intel/threat_database.go:331.4,331.27 1 0
net-zilla/internal/threat_intel/threat_database.go:333.3,333.37 1 1
net-zilla/internal/threat_intel/threat_database.go:335.2,337.24 2 1
net-zilla/internal/threat_intel/threat_database.go:337.24,341.3 3 0
net-zilla/internal/threat_intel/threat_database.go:343.2,350.33 6 1
net-zilla/internal/threat_intel/threat_database.go:350.33,353.3 2 1
net-zilla/internal/threat_intel/threat_database.go:355.2,360.16 3 1
net-zilla/internal/threat_intel/threat_database.go:360.16,362.3 1 0
net-zilla/internal/threat_intel/threat_database.go:363.2,366.18 3 1
net-zilla/internal/threat_intel/threat_database.go:366.18,372.17 4 0
net-zilla/internal/threat_intel/threat_database.go:372.17,373.12 1 0
net-zilla/internal/threat_intel/threat_database.go:376.3,384.4 4 0
net-zilla/internal/threat_intel/threat_database.go:386.2,392.34 5 1
net-zilla/internal/threat_intel/threat_database.go:392.34,394.3 1 1
net-zilla/internal/threat_intel/threat_database.go:394.8,399.3 2 0
net-zilla/internal/threat_intel/threat_database.go:400.2,405.21 3 1
net-zilla/internal/threat_intel/threat_database.go:408.88,416.16 4 1
net-zilla/internal/threat_intel/threat_database.go:416.16,418.3 1 0
net-zilla/internal/threat_intel/threat_database.go:419.2,422.18 3 1
net-zilla/internal/threat_intel/threat_database.go:422.18,428.3 5 1
net-zilla/internal/threat_intel/threat_database.go:431.2,433.16 3 1
net-zilla/internal/threat_intel/threat_database.go:433.16,435.3 1 0
net-zilla/internal/threat_intel/threat_database.go:436.2,439.19 3 1
net-zilla/internal/threat_intel/threat_database.go:439.19,444.3 4 1
net-zilla/internal/threat_intel/threat_database.go:447.2,461.19 10 1
net-zilla/internal/threat_intel/threat_database.go:464.90,465.24 1 1
net-zilla/internal/threat_intel/threat_database.go:465.24,467.3 1 0
net-zilla/internal/threat_intel/threat_database.go:469.2,471.16 3 1
net-zilla/internal/threat_intel/threat_database.go:471.16,473.3 1 0
net-zilla/internal/threat_intel/threat_database.go:475.2,483.18 6 1
net-zilla/internal/threat_intel/threat_database.go:486.41,494.2 4 1
net-zilla/internal/threat_intel/threat_database.go:496.47,500.6 3 1
net-zilla/internal/threat_intel/threat_database.go:500.6,501.10 1 1
net-zilla/internal/threat_intel/threat_database.go:502.19,503.21 1 0
net-zilla/internal/threat_intel/threat_database.go:508.42,514.35 5 0
net-zilla/internal/threat_intel/threat_database.go:514.35,515.67 1 0
net-zilla/internal/threat_intel/threat_database.go:515.67,518.4 2 0
net-zilla/internal/threat_intel/threat_database.go:521.2,521.17 1 0
net-zilla/internal/threat_intel/threat_database.go:521.17,523.3 1 0
net-zilla/internal/threat_intel/threat_database.go:527.46,528.38 1 0
net-zilla/internal/threat_intel/threat_database.go:528.38,530.3 1 0
net-zilla/internal/threat_intel/threat_database.go:531.2,532.19 2 0
net-zilla/internal/threat_intel/threat_database.go:532.19,534.3 1 0
net-zilla/internal/threat_intel/threat_database.go:535.2,535.65 1 0
net-zilla/pkg/trace/trace.go:8.35,13.2 1 1
net-zilla/pkg/trace/trace.go:15.23,15.24 0 1
net-zilla/pkg/trace/trace.go:17.54,19.2 1 1
net-zilla/internal/network/decoy_client.go:20.48,25.17 2 1
net-zilla/internal/network/decoy_client.go:25.17,28.3 2 0
net-zilla/internal/network/decoy_client.go:30.2,41.70 1 1
net-zilla/internal/network/decoy_client.go:41.70,42.22 1 1
net-zilla/internal/network/decoy_client.go:42.22,44.6 1 1
net-zilla/internal/network/decoy_client.go:45.5,45.15 1 1
net-zilla/internal/network/decoy_client.go:51.92,52.19 1 1
net-zilla/internal/network/decoy_client.go:52.19,54.3 1 1
net-zilla/internal/network/decoy_client.go:56.2,57.16 2 1
net-zilla/internal/network/decoy_client.go:57.16,59.3 1 0
net-zilla/internal/network/decoy_client.go:62.2,66.26 4 1
net-zilla/internal/network/decoy_client.go:69.45,71.2 1 1
net-zilla/internal/network/dns_client.go:22.53,26.79 1 1
net-zilla/internal/network/dns_client.go:26.79,29.5 2 0
net-zilla/internal/network/dns_client.go:37.93,44.66 4 0
net-zilla/internal/network/dns_client.go:44.66,45.26 1 0
net-zilla/internal/network/dns_client.go:45.26,46.26 1 0
net-zilla/internal/network/dns_client.go:46.26,48.5 1 0
net-zilla/internal/network/dns_client.go:48.10,50.5 1 0
net-zilla/internal/network/dns_client.go:52.8,54.3 1 0
net-zilla/internal/network/dns_client.go:57.2,57.90 1 0
net-zilla/internal/network/dns_client.go:57.90,59.3 1 0
net-zilla/internal/network/dns_client.go:59.8,59.23 1 0
net-zilla/internal/network/dns_client.go:59.23,61.3 1 0
net-zilla/internal/network/dns_client.go:64.2,64.62 1 0
net-zilla/internal/network/dns_client.go:64.62,65.26 1 0
net-zilla/internal/network/dns_client.go:65.26,68.4 1 0
net-zilla/internal/network/dns_client.go:69.8,69.23 1 0
net-zilla/internal/network/dns_client.go:69.23,71.3 1 0
net-zilla/internal/network/dns_client.go:74.2,74.62 1 0
net-zilla/internal/network/dns_client.go:74.62,75.26 1 0
net-zilla/internal/network/dns_client.go:75.26,77.4 1 0
net-zilla/internal/network/dns_client.go:78.8,78.23 1 0
net-zilla/internal/network/dns_client.go:78.23,80.3 1 0
net-zilla/internal/network/dns_client.go:83.2,83.64 1 0
net-zilla/internal/network/dns_client.go:83.64,85.3 1 0
net-zilla/internal/network/dns_client.go:85.8,85.23 1 0
net-zilla/internal/network/dns_client.go:85.23,87.3 1 0
net-zilla/internal/network/dns_client.go:90.2,93.32 2 0
net-zilla/internal/network/dns_client.go:93.32,95.17 2 0
net-zilla/internal/network/dns_client.go:95.17,100.4 3 0
net-zilla/internal/network/dns_client.go:100.9,103.4 2 0
net-zilla/internal/network/dns_client.go:104.8,106.3 1 0
net-zilla/internal/network/dns_client.go:108.2,111.22 3 0
net-zilla/internal/network/dns_client.go:115.86,119.14 3 1
net-zilla/internal/network/dns_client.go:119.14,121.3 1 1
net-zilla/internal/network/dns_client.go:123.2,124.35 2 0
net-zilla/internal/network/dns_client.go:124.35,126.3 1 0
net-zilla/internal/network/dns_client.go:128.2,128.47 1 0
net-zilla/internal/network/dns_client.go:132.74,140.16 4 0
net-zilla/internal/network/dns_client.go:140.16,142.3 1 0
net-zilla/internal/network/dns_client.go:143.2,143.19 1 0
net-zilla/internal/network/geo_analyzer.go:13.57,15.2 1 1
net-zilla/internal/network/geo_analyzer.go:18.88,26.36 3 1
net-zilla/internal/network/geo_analyzer.go:26.36,28.3 1 1
net-zilla/internal/network/geo_analyzer.go:31.2,31.17 1 1
net-zilla/internal/network/geo_analyzer.go:31.17,33.3 1 1
net-zilla/internal/network/geo_analyzer.go:36.2,36.43 1 1
net-zilla/internal/network/geo_analyzer.go:36.43,38.3 1 1
net-zilla/internal/network/geo_analyzer.go:40.2,40.18 1 1
net-zilla/internal/network/http_client.go:35.55,54.2 1 1
net-zilla/internal/network/http_client.go:57.101,59.2 1 1
net-zilla/internal/network/http_client.go:62.100,64.2 1 1
net-zilla/internal/network/http_client.go:67.105,71.16 3 1
net-zilla/internal/network/http_client.go:71.16,74.3 2 0
net-zilla/internal/network/http_client.go:77.2,84.16 7 1
net-zilla/internal/network/http_client.go:84.16,87.3 2 1
net-zilla/internal/network/http_client.go:88.2,92.49 3 1
net-zilla/internal/network/http_client.go:92.49,94.39 1 1
net-zilla/internal/network/http_client.go:94.39,97.4 2 1
net-zilla/internal/network/http_client.go:97.9,100.4 2 0
net-zilla/internal/network/http_client.go:101.8,101.28 1 1
net-zilla/internal/network/http_client.go:101.28,105.3 2 0
net-zilla/internal/network/http_client.go:108.2,109.39 2 1
net-zilla/internal/network/http_client.go:109.39,110.22 1 1
net-zilla/internal/network/http_client.go:110.22,112.4 1 1
net-zilla/internal/network/http_client.go:115.2,126.22 2 1
net-zilla/internal/network/http_client.go:131.106,133.16 2 1
net-zilla/internal/network/http_client.go:133.16,135.3 1 0
net-zilla/internal/network/http_client.go:137.2,149.52 4 1
net-zilla/internal/network/http_client.go:149.52,150.49 1 1
net-zilla/internal/network/http_client.go:150.49,153.4 2 1
net-zilla/internal/network/http_client.go:157.2,157.60 1 1
net-zilla/internal/network/http_client.go:157.60,160.22 3 1
net-zilla/internal/network/http_client.go:160.22,162.4 1 1
net-zilla/internal/network/http_client.go:162.9,164.4 1 0
net-zilla/internal/network/http_client.go:168.2,168.60 1 1
net-zilla/internal/network/http_client.go:168.60,170.171 2 1
net-zilla/internal/network/http_client.go:170.171,173.4 2 0
net-zilla/internal/network/http_client.go:177.2,177.15 1 1
net-zilla/internal/network/http_client.go:177.15,179.3 1 0
net-zilla/internal/network/http_client.go:181.2,181.35 1 1
net-zilla/internal/network/ip_analyzer.go:24.55,32.2 1 0
net-zilla/internal/network/ip_analyzer.go:35.100,42.21 3 0
net-zilla/internal/network/ip_analyzer.go:42.21,45.34 2 0
net-zilla/internal/network/ip_analyzer.go:45.34,47.4 1 0
net-zilla/internal/network/ip_analyzer.go:48.3,50.19 3 0
net-zilla/internal/network/ip_analyzer.go:54.2,56.16 3 0
net-zilla/internal/network/ip_analyzer.go:56.16,58.3 1 0
net-zilla/internal/network/ip_analyzer.go:60.2,61.16 2 0
net-zilla/internal/network/ip_analyzer.go:61.16,63.3 1 0
net-zilla/internal/network/ip_analyzer.go:63.8,75.98 3 0
net-zilla/internal/network/ip_analyzer.go:75.98,83.4 7 0
net-zilla/internal/network/ip_analyzer.go:86.2,90.22 4 0
net-zilla/internal/network/ip_analyzer.go:93.33,94.77 1 1
net-zilla/internal/network/ip_analyzer.go:94.77,96.3 1 1
[...]
net-zilla/internal/analyzer/domain_analyzer.go:158.71,171.40 6 1
net-zilla/internal/analyzer/domain_analyzer.go:171.40,172.37 1 1
net-zilla/internal/analyzer/domain_analyzer.go:172.37,174.4 1 0
net-zilla/internal/analyzer/domain_analyzer.go:178.2,180.23 3 1
net-zilla/internal/analyzer/domain_analyzer.go:180.23,182.39 2 0
net-zilla/internal/analyzer/domain_analyzer.go:182.39,183.40 1 0
net-zilla/internal/analyzer/domain_analyzer.go:183.40,185.10 2 0
net-zilla/internal/analyzer/domain_analyzer.go:190.2,190.19 1 1
net-zilla/internal/analyzer/domain_analyzer.go:193.63,198.36 2 1
net-zilla/internal/analyzer/domain_analyzer.go:198.36,200.3 1 0
net-zilla/internal/analyzer/domain_analyzer.go:201.2,201.12 1 1
net-zilla/internal/analyzer/domain_analyzer.go:205.104,210.30 3 1
net-zilla/internal/analyzer/domain_analyzer.go:210.30,214.3 2 0
net-zilla/internal/analyzer/domain_analyzer.go:217.2,217.28 1 1
net-zilla/internal/analyzer/domain_analyzer.go:217.28,218.60 1 0
net-zilla/internal/analyzer/domain_analyzer.go:218.60,222.4 2 0
net-zilla/internal/analyzer/domain_analyzer.go:226.2,227.24 2 1
net-zilla/internal/analyzer/domain_analyzer.go:227.24,231.3 2 0
net-zilla/internal/analyzer/domain_analyzer.go:234.2,234.36 1 1
net-zilla/internal/analyzer/domain_analyzer.go:234.36,238.3 2 0
net-zilla/internal/analyzer/domain_analyzer.go:241.2,256.37 3 1
net-zilla/internal/analyzer/domain_analyzer.go:256.37,257.41 1 1
net-zilla/internal/analyzer/domain_analyzer.go:257.41,260.4 2 0
net-zilla/internal/analyzer/domain_analyzer.go:263.2,263.14 1 1
net-zilla/internal/analyzer/domain_analyzer.go:267.99,272.42 3 1
net-zilla/internal/analyzer/domain_analyzer.go:272.42,276.3 2 0
net-zilla/internal/analyzer/domain_analyzer.go:279.2,280.21 2 1
net-zilla/internal/analyzer/domain_analyzer.go:280.21,284.3 2 0
net-zilla/internal/analyzer/domain_analyzer.go:287.2,287.31 1 1
net-zilla/internal/analyzer/domain_analyzer.go:287.31,291.3 2 0
net-zilla/internal/analyzer/domain_analyzer.go:291.8,291.39 1 1
net-zilla/internal/analyzer/domain_analyzer.go:291.39,295.3 2 0
net-zilla/internal/analyzer/domain_analyzer.go:298.2,298.47 1 1
net-zilla/internal/analyzer/domain_analyzer.go:298.47,302.3 2 0
net-zilla/internal/analyzer/domain_analyzer.go:305.2,306.20 2 1
net-zilla/internal/analyzer/domain_analyzer.go:306.20,310.3 2 0
net-zilla/internal/analyzer/domain_analyzer.go:312.2,312.14 1 1
net-zilla/internal/analyzer/domain_analyzer.go:316.92,320.15 3 1
net-zilla/internal/analyzer/domain_analyzer.go:320.15,322.3 1 0
net-zilla/internal/analyzer/domain_analyzer.go:325.2,336.40 3 1
net-zilla/internal/analyzer/domain_analyzer.go:336.40,337.44 1 1
net-zilla/internal/analyzer/domain_analyzer.go:337.44,342.4 3 0
net-zilla/internal/analyzer/domain_analyzer.go:345.2,345.43 1 1
net-zilla/internal/analyzer/domain_analyzer.go:345.43,346.45 1 1
net-zilla/internal/analyzer/domain_analyzer.go:346.45,351.4 3 0
net-zilla/internal/analyzer/domain_analyzer.go:354.2,354.14 1 1
net-zilla/internal/analyzer/domain_analyzer.go:358.54,361.21 2 1
net-zilla/internal/analyzer/domain_analyzer.go:361.21,363.3 1 1
net-zilla/internal/analyzer/domain_analyzer.go:364.2,364.29 1 0
net-zilla/internal/analyzer/domain_analyzer.go:364.29,365.38 1 0
net-zilla/internal/analyzer/domain_analyzer.go:365.38,367.4 1 0
net-zilla/internal/analyzer/domain_analyzer.go:368.3,368.27 1 0
net-zilla/internal/analyzer/domain_analyzer.go:368.27,369.28 1 0
net-zilla/internal/analyzer/domain_analyzer.go:369.28,371.5 1 0
net-zilla/internal/analyzer/domain_analyzer.go:374.2,374.13 1 0
net-zilla/internal/analyzer/domain_analyzer.go:377.72,378.21 1 1
net-zilla/internal/analyzer/domain_analyzer.go:378.21,380.3 1 1
net-zilla/internal/analyzer/domain_analyzer.go:382.2,387.50 3 0
net-zilla/internal/analyzer/domain_analyzer.go:387.50,388.51 1 0
net-zilla/internal/analyzer/domain_analyzer.go:388.51,390.4 1 0
net-zilla/internal/analyzer/domain_analyzer.go:392.2,392.14 1 0
net-zilla/internal/analyzer/domain_analyzer.go:395.64,402.45 3 0
net-zilla/internal/analyzer/domain_analyzer.go:402.45,403.44 1 0
net-zilla/internal/analyzer/domain_analyzer.go:403.44,405.4 1 0
net-zilla/internal/analyzer/domain_analyzer.go:407.2,407.14 1 0
net-zilla/internal/analyzer/domain_analyzer.go:410.61,412.19 2 1
net-zilla/internal/analyzer/domain_analyzer.go:412.19,414.3 1 0
net-zilla/internal/analyzer/domain_analyzer.go:415.2,415.27 1 1
net-zilla/internal/analyzer/domain_analyzer.go:418.58,419.23 1 1
net-zilla/internal/analyzer/domain_analyzer.go:419.23,420.29 1 1
net-zilla/internal/analyzer/domain_analyzer.go:420.29,422.4 1 0
net-zilla/internal/analyzer/domain_analyzer.go:424.2,424.14 1 1
net-zilla/internal/analyzer/domain_analyzer.go:427.68,435.31 3 1
net-zilla/internal/analyzer/domain_analyzer.go:435.31,436.43 1 1
net-zilla/internal/analyzer/domain_analyzer.go:436.43,438.4 1 0
net-zilla/internal/analyzer/domain_analyzer.go:440.2,440.14 1 1
net-zilla/internal/analyzer/domain_analyzer.go:443.67,445.58 1 1
net-zilla/internal/analyzer/domain_analyzer.go:445.58,447.3 1 0
net-zilla/internal/analyzer/domain_analyzer.go:450.2,453.30 3 1
net-zilla/internal/analyzer/domain_analyzer.go:453.30,454.59 1 1
net-zilla/internal/analyzer/domain_analyzer.go:454.59,456.4 1 1
net-zilla/internal/analyzer/domain_analyzer.go:456.9,456.22 1 1
net-zilla/internal/analyzer/domain_analyzer.go:456.22,458.4 1 0
net-zilla/internal/analyzer/domain_analyzer.go:461.2,461.32 1 1
net-zilla/internal/analyzer/domain_analyzer.go:464.62,466.19 2 1
net-zilla/internal/analyzer/domain_analyzer.go:466.19,468.3 1 0
net-zilla/internal/analyzer/domain_analyzer.go:469.2,469.27 1 1
net-zilla/internal/analyzer/domain_analyzer.go:472.63,474.16 2 1
net-zilla/internal/analyzer/domain_analyzer.go:474.16,477.3 2 0
net-zilla/internal/analyzer/domain_analyzer.go:478.2,478.22 1 1
net-zilla/internal/analyzer/safety_orchestrator.go:19.66,27.2 1 1
net-zilla/internal/analyzer/safety_orchestrator.go:29.113,34.28 3 1
net-zilla/internal/analyzer/safety_orchestrator.go:34.28,36.3 1 1
net-zilla/internal/analyzer/safety_orchestrator.go:39.2,43.54 3 1
net-zilla/internal/analyzer/safety_orchestrator.go:43.54,46.17 3 0
net-zilla/internal/analyzer/safety_orchestrator.go:46.17,48.4 1 0
net-zilla/internal/analyzer/safety_orchestrator.go:49.8,51.3 1 1
net-zilla/internal/analyzer/safety_orchestrator.go:54.2,57.8 1 1
net-zilla/internal/analyzer/threat_analyzer.go:88.130,148.2 2 1
net-zilla/internal/analyzer/threat_analyzer.go:151.120,159.15 5 1
net-zilla/internal/analyzer/threat_analyzer.go:159.15,163.3 3 1
net-zilla/internal/analyzer/threat_analyzer.go:166.2,170.54 3 1
net-zilla/internal/analyzer/threat_analyzer.go:170.54,174.3 3 0
net-zilla/internal/analyzer/threat_analyzer.go:175.2,185.16 5 1
net-zilla/internal/analyzer/threat_analyzer.go:185.16,189.3 3 0
net-zilla/internal/analyzer/threat_analyzer.go:190.2,202.59 8 1
net-zilla/internal/analyzer/threat_analyzer.go:202.59,208.3 4 0
net-zilla/internal/analyzer/threat_analyzer.go:211.2,211.51 1 1
net-zilla/internal/analyzer/threat_analyzer.go:211.51,213.3 1 0
net-zilla/internal/analyzer/threat_analyzer.go:213.8,215.3 1 1
net-zilla/internal/analyzer/threat_analyzer.go:218.2,229.18 6 1
net-zilla/internal/analyzer/threat_analyzer.go:229.18,230.59 1 0
net-zilla/internal/analyzer/threat_analyzer.go:230.59,233.4 2 0
net-zilla/internal/analyzer/threat_analyzer.go:237.2,244.22 5 1
net-zilla/internal/analyzer/threat_analyzer.go:247.174,252.51 4 0
net-zilla/internal/analyzer/threat_analyzer.go:252.51,253.28 1 0
net-zilla/internal/analyzer/threat_analyzer.go:253.28,254.12 1 0
net-zilla/internal/analyzer/threat_analyzer.go:257.3,258.28 2 0
net-zilla/internal/analyzer/threat_analyzer.go:258.28,262.52 2 0
net-zilla/internal/analyzer/threat_analyzer.go:262.52,263.45 1 0
net-zilla/internal/analyzer/threat_analyzer.go:263.45,266.6 2 0
net-zilla/internal/analyzer/threat_analyzer.go:269.4,272.20 3 0
net-zilla/internal/analyzer/threat_analyzer.go:273.25,274.66 1 0
net-zilla/internal/analyzer/threat_analyzer.go:275.27,276.68 1 0
net-zilla/internal/analyzer/threat_analyzer.go:277.24,278.74 1 0
net-zilla/internal/analyzer/threat_analyzer.go:279.26,280.76 1 0
net-zilla/internal/analyzer/threat_analyzer.go:281.23,282.73 1 0
net-zilla/internal/analyzer/threat_analyzer.go:283.24,284.74 1 0
net-zilla/internal/analyzer/threat_analyzer.go:288.4,288.18 1 0
net-zilla/internal/analyzer/threat_analyzer.go:288.18,289.51 1 0
net-zilla/internal/analyzer/threat_analyzer.go:289.51,291.6 1 0
net-zilla/internal/analyzer/threat_analyzer.go:292.5,292.60 1 0
net-zilla/internal/analyzer/threat_analyzer.go:293.10,294.51 1 0
net-zilla/internal/analyzer/threat_analyzer.go:294.51,296.6 1 0
net-zilla/internal/analyzer/threat_analyzer.go:297.5,297.58 1 0
net-zilla/internal/analyzer/threat_analyzer.go:302.2,308.29 5 0
net-zilla/internal/analyzer/threat_analyzer.go:308.29,311.3 2 0
net-zilla/internal/analyzer/threat_analyzer.go:312.2,312.21 1 0
net-zilla/internal/analyzer/threat_analyzer.go:312.21,314.3 1 0
net-zilla/internal/analyzer/threat_analyzer.go:316.2,316.31 1 0
net-zilla/internal/analyzer/threat_analyzer.go:316.31,319.3 1 0
net-zilla/internal/analyzer/threat_analyzer.go:322.123,340.37 6 1
net-zilla/internal/analyzer/threat_analyzer.go:340.37,342.103 2 1
net-zilla/internal/analyzer/threat_analyzer.go:342.103,346.52 2 1
net-zilla/internal/analyzer/threat_analyzer.go:346.52,347.45 1 1
net-zilla/internal/analyzer/threat_analyzer.go:347.45,350.6 2 0
net-zilla/internal/analyzer/threat_analyzer.go:354.4,354.65 1 1
net-zilla/internal/analyzer/threat_analyzer.go:354.65,357.5 2 0
net-zilla/internal/analyzer/threat_analyzer.go:360.4,363.20 3 1
net-zilla/internal/analyzer/threat_analyzer.go:364.15,365.76 1 1
net-zilla/internal/analyzer/threat_analyzer.go:366.17,367.78 1 1
net-zilla/internal/analyzer/threat_analyzer.go:368.15,369.76 1 1
net-zilla/internal/analyzer/threat_analyzer.go:370.20,371.81 1 0
net-zilla/internal/analyzer/threat_analyzer.go:372.12,373.62 1 1
net-zilla/internal/analyzer/threat_analyzer.go:375.4,380.18 3 1
net-zilla/internal/analyzer/threat_analyzer.go:380.18,381.51 1 1
net-zilla/internal/analyzer/threat_analyzer.go:381.51,383.6 1 1
net-zilla/internal/analyzer/threat_analyzer.go:384.5,384.60 1 1
net-zilla/internal/analyzer/threat_analyzer.go:385.10,386.51 1 1
net-zilla/internal/analyzer/threat_analyzer.go:386.51,388.6 1 1
net-zilla/internal/analyzer/threat_analyzer.go:389.5,389.58 1 1
net-zilla/internal/analyzer/threat_analyzer.go:394.2,400.29 5 1
net-zilla/internal/analyzer/threat_analyzer.go:400.29,403.3 2 1
net-zilla/internal/analyzer/threat_analyzer.go:404.2,404.21 1 1
net-zilla/internal/analyzer/threat_analyzer.go:404.21,406.3 1 1
net-zilla/internal/analyzer/threat_analyzer.go:408.2,408.31 1 1
net-zilla/internal/analyzer/threat_analyzer.go:408.31,411.3 1 1
net-zilla/internal/analyzer/threat_analyzer.go:413.2,413.44 1 1
net-zilla/internal/analyzer/threat_analyzer.go:417.91,418.37 1 1
net-zilla/internal/analyzer/threat_analyzer.go:418.37,420.3 1 1
net-zilla/internal/analyzer/threat_analyzer.go:422.2,422.90 1 1
net-zilla/internal/analyzer/threat_analyzer.go:426.87,427.40 1 1
net-zilla/internal/analyzer/threat_analyzer.go:427.40,429.3 1 0
net-zilla/internal/analyzer/threat_analyzer.go:431.2,437.39 4 1
net-zilla/internal/analyzer/threat_analyzer.go:437.39,438.53 1 1
net-zilla/internal/analyzer/threat_analyzer.go:438.53,441.4 2 1
net-zilla/internal/analyzer/threat_analyzer.go:445.2,445.21 1 1
net-zilla/internal/analyzer/threat_analyzer.go:445.21,447.3 1 1
net-zilla/internal/analyzer/threat_analyzer.go:448.2,448.10 1 0
net-zilla/internal/analyzer/threat_analyzer.go:451.94,456.32 2 1
net-zilla/internal/analyzer/threat_analyzer.go:456.32,458.3 1 1
net-zilla/internal/analyzer/threat_analyzer.go:459.2,459.29 1 1
net-zilla/internal/analyzer/threat_analyzer.go:459.29,461.3 1 1
net-zilla/internal/analyzer/threat_analyzer.go:462.2,462.72 1 1
net-zilla/internal/analyzer/threat_analyzer.go:462.72,464.3 1 1
net-zilla/internal/analyzer/threat_analyzer.go:465.2,465.67 1 1
net-zilla/internal/analyzer/threat_analyzer.go:465.67,467.3 1 0
net-zilla/internal/analyzer/threat_analyzer.go:468.2,468.59 1 1
net-zilla/internal/analyzer/threat_analyzer.go:468.59,470.3 1 0
net-zilla/internal/analyzer/threat_analyzer.go:472.2,472.15 1 1
net-zilla/internal/analyzer/threat_analyzer.go:475.132,477.16 2 1
net-zilla/internal/analyzer/threat_analyzer.go:477.16,479.3 1 0
net-zilla/internal/analyzer/threat_analyzer.go:480.2,480.60 1 1
net-zilla/internal/analyzer/threat_analyzer.go:483.134,487.44 2 1
net-zilla/internal/analyzer/threat_analyzer.go:487.44,492.17 4 1
net-zilla/internal/analyzer/threat_analyzer.go:492.17,496.4 3 1
net-zilla/internal/analyzer/threat_analyzer.go:496.9,498.4 1 0
net-zilla/internal/analyzer/threat_analyzer.go:501.2,502.16 2 1
net-zilla/internal/analyzer/threat_analyzer.go:502.16,505.3 2 1
net-zilla/internal/analyzer/threat_analyzer.go:507.2,507.24 1 1
net-zilla/internal/analyzer/threat_analyzer.go:510.130,511.59 1 1
net-zilla/internal/analyzer/threat_analyzer.go:511.59,516.17 4 0
net-zilla/internal/analyzer/threat_analyzer.go:516.17,519.24 3 0
net-zilla/internal/analyzer/threat_analyzer.go:519.24,521.5 1 0
net-zilla/internal/analyzer/threat_analyzer.go:523.4,524.23 2 0
net-zilla/internal/analyzer/threat_analyzer.go:526.3,526.43 1 0
net-zilla/internal/analyzer/threat_analyzer.go:528.2,528.15 1 1
net-zilla/internal/analyzer/threat_analyzer.go:531.137,532.40 1 1
net-zilla/internal/analyzer/threat_analyzer.go:532.40,534.3 1 0
net-zilla/internal/analyzer/threat_analyzer.go:536.2,540.16 4 1
net-zilla/internal/analyzer/threat_analyzer.go:540.16,543.3 2 1
net-zilla/internal/analyzer/threat_analyzer.go:545.2,546.15 2 0
net-zilla/internal/analyzer/threat_analyzer.go:549.139,550.42 1 1
net-zilla/internal/analyzer/threat_analyzer.go:550.42,552.3 1 0
net-zilla/internal/analyzer/threat_analyzer.go:554.2,558.16 4 1
net-zilla/internal/analyzer/threat_analyzer.go:558.16,561.3 2 1
net-zilla/internal/analyzer/threat_analyzer.go:563.2,564.15 2 0
net-zilla/internal/analyzer/threat_analyzer.go:567.136,569.16 2 1
net-zilla/internal/analyzer/threat_analyzer.go:569.16,571.3 1 0
net-zilla/internal/analyzer/threat_analyzer.go:572.2,572.15 1 1
net-zilla/internal/analyzer/threat_analyzer.go:575.137,576.40 1 1
net-zilla/internal/analyzer/threat_analyzer.go:576.40,578.3 1 0
net-zilla/internal/analyzer/threat_analyzer.go:580.2,584.16 4 1
net-zilla/internal/analyzer/threat_analyzer.go:584.16,587.3 2 0
net-zilla/internal/analyzer/threat_analyzer.go:589.2,590.15 2 1
net-zilla/internal/analyzer/threat_analyzer.go:593.71,594.85 1 1
net-zilla/internal/analyzer/threat_analyzer.go:594.85,596.3 1 1
net-zilla/internal/analyzer/threat_analyzer.go:597.2,598.16 2 1
net-zilla/internal/analyzer/threat_analyzer.go:598.16,600.3 1 0
net-zilla/internal/analyzer/threat_analyzer.go:601.2,601.29 1 1
net-zilla/internal/analyzer/threat_analyzer.go:604.78,605.9 1 1
net-zilla/internal/analyzer/threat_analyzer.go:606.19,607.36 1 1
net-zilla/internal/analyzer/threat_analyzer.go:608.19,609.32 1 1
net-zilla/internal/analyzer/threat_analyzer.go:610.19,611.34 1 1
net-zilla/internal/analyzer/threat_analyzer.go:612.19,613.31 1 1
net-zilla/internal/analyzer/threat_analyzer.go:614.10,615.32 1 1
net-zilla/internal/analyzer/threat_analyzer.go:620.90,624.31 2 1
net-zilla/internal/analyzer/threat_analyzer.go:624.31,625.43 1 1
net-zilla/internal/analyzer/threat_analyzer.go:625.43,627.4 1 1
net-zilla/internal/analyzer/threat_analyzer.go:627.9,627.51 1 0
net-zilla/internal/analyzer/threat_analyzer.go:627.51,629.4 1 0
net-zilla/internal/analyzer/threat_analyzer.go:633.2,633.32 1 1
net-zilla/internal/analyzer/threat_analyzer.go:633.32,635.3 1 0
net-zilla/internal/analyzer/threat_analyzer.go:638.2,638.29 1 1
net-zilla/internal/analyzer/threat_analyzer.go:638.29,639.43 1 1
net-zilla/internal/analyzer/threat_analyzer.go:639.43,641.4 1 1
net-zilla/internal/analyzer/threat_analyzer.go:642.3,642.43 1 1
net-zilla/internal/analyzer/threat_analyzer.go:642.43,644.4 1 1
net-zilla/internal/analyzer/threat_analyzer.go:648.2,648.29 1 1
net-zilla/internal/analyzer/threat_analyzer.go:648.29,649.41 1 0
net-zilla/internal/analyzer/threat_analyzer.go:649.41,651.4 1 0
net-zilla/internal/analyzer/threat_analyzer.go:652.3,652.41 1 0
net-zilla/internal/analyzer/threat_analyzer.go:652.41,654.4 1 0
net-zilla/internal/analyzer/threat_analyzer.go:658.2,658.30 1 1
net-zilla/internal/analyzer/threat_analyzer.go:658.30,659.32 1 0
net-zilla/internal/analyzer/threat_analyzer.go:659.32,661.4 1 0
net-zilla/internal/analyzer/threat_analyzer.go:662.3,662.36 1 0
net-zilla/internal/analyzer/threat_analyzer.go:662.36,664.4 1 0
net-zilla/internal/analyzer/threat_analyzer.go:668.2,668.32 1 1
net-zilla/internal/analyzer/threat_analyzer.go:668.32,670.3 1 1
net-zilla/internal/analyzer/threat_analyzer.go:670.8,670.39 1 1
net-zilla/internal/analyzer/threat_analyzer.go:670.39,672.3 1 0
net-zilla/internal/analyzer/threat_analyzer.go:672.8,672.39 1 1
net-zilla/internal/analyzer/threat_analyzer.go:672.39,674.3 1 0
net-zilla/internal/analyzer/threat_analyzer.go:674.8,676.3 1 1
net-zilla/internal/analyzer/threat_analyzer.go:678.2,678.28 1 1
net-zilla/internal/analyzer/threat_analyzer.go:681.34,683.2 1 1
net-zilla/internal/analyzer/threat_analyzer.go:691.41,693.37 2 1
net-zilla/internal/analyzer/threat_analyzer.go:693.37,695.3 1 0
net-zilla/internal/analyzer/threat_analyzer.go:695.8,695.46 1 1
net-zilla/internal/analyzer/threat_analyzer.go:695.46,697.3 1 0
net-zilla/internal/analyzer/threat_analyzer.go:697.8,697.44 1 1
net-zilla/internal/analyzer/threat_analyzer.go:697.44,699.3 1 1
net-zilla/internal/analyzer/threat_analyzer.go:699.8,699.49 1 0
net-zilla/internal/analyzer/threat_analyzer.go:699.49,701.3 1 0
net-zilla/internal/analyzer/threat_analyzer.go:701.8,701.43 1 0
net-zilla/internal/analyzer/threat_analyzer.go:701.43,703.3 1 0
net-zilla/internal/analyzer/threat_analyzer.go:704.2,704.18 1 0
net-zilla/internal/analyzer/threat_analyzer.go:707.24,708.11 1 1
net-zilla/internal/analyzer/threat_analyzer.go:708.11,710.3 1 1
net-zilla/internal/analyzer/threat_analyzer.go:711.2,711.10 1 0
net-zilla/internal/analyzer/threat_analyzer.go:715.85,721.2 1 1
net-zilla/internal/analyzer/threat_analyzer.go:723.40,727.24 3 1
net-zilla/internal/analyzer/threat_analyzer.go:727.24,728.51 1 1
net-zilla/internal/analyzer/threat_analyzer.go:728.51,735.4 6 1
net-zilla/internal/analyzer/threat_analyzer.go:736.3,736.15 1 1
net-zilla/internal/analyzer/threat_analyzer.go:738.2,738.13 1 1
net-zilla/internal/analyzer/threat_analyzer.go:741.43,745.29 3 1
net-zilla/internal/analyzer/threat_analyzer.go:745.29,748.3 2 1
net-zilla/internal/analyzer/threat_analyzer.go:751.43,758.35 5 1
net-zilla/internal/analyzer/threat_analyzer.go:758.35,760.3 1 1
net-zilla/internal/analyzer/threat_analyzer.go:764.64,769.2 1 1
net-zilla/internal/analyzer/threat_analyzer.go:771.65,775.47 3 1
net-zilla/internal/analyzer/threat_analyzer.go:775.47,776.73 1 1
net-zilla/internal/analyzer/threat_analyzer.go:776.73,778.4 1 1
net-zilla/internal/analyzer/threat_analyzer.go:780.3,785.16 6 1
net-zilla/internal/analyzer/threat_analyzer.go:787.2,787.12 1 1
net-zilla/internal/analyzer/threat_analyzer.go:790.75,792.2 1 1
net-zilla/internal/analyzer/threat_analyzer.go:794.101,800.2 4 1
net-zilla/internal/analyzer/threat_analyzer.go:803.109,805.2 1 1
net-zilla/internal/analyzer/threat_analyzer.go:807.113,809.2 1 1
net-zilla/internal/analyzer/threat_analyzer.go:811.113,813.2 1 1
net-zilla/internal/analyzer/threat_analyzer.go:815.111,817.2 1 1
net-zilla/internal/analyzer/threat_analyzer.go:819.114,821.2 1 1
net-zilla/internal/analyzer/threat_analyzer.go:823.104,824.18 1 0
net-zilla/internal/analyzer/threat_analyzer.go:824.18,826.3 1 0
net-zilla/internal/analyzer/threat_analyzer.go:827.2,827.45 1 0
net-zilla/internal/analyzer/threat_analyzer.go:831.37,835.40 3 0
net-zilla/internal/analyzer/threat_analyzer.go:835.40,837.3 1 0
net-zilla/internal/analyzer/threat_analyzer.go:838.2,838.22 1 0
